2017-09-21 23:55:55 serial = 27182818284
2017-09-21 23:55:55 email = anon
2017-09-21 23:55:55 RTG version = RTG Tools 3.8.4 / Core bdba5ea (2017-09-19)
2017-09-21 23:56:00 awt.toolkit = sun.lwawt.macosx.LWCToolkit
2017-09-21 23:56:00 file.encoding = UTF-8
2017-09-21 23:56:00 file.encoding.pkg = sun.io
2017-09-21 23:56:00 file.separator = /
2017-09-21 23:56:00 gopherProxySet = false
2017-09-21 23:56:00 host.name = Ariyas-MacBook-Pro-2.local
2017-09-21 23:56:00 java.awt.graphicsenv = sun.awt.CGraphicsEnvironment
2017-09-21 23:56:00 java.awt.printerjob = sun.lwawt.macosx.CPrinterJob
2017-09-21 23:56:00 java.class.path = /Users/arshajii/Documents/research/map10x/utils/rtg-tools/dist/rtg-tools-3.8.4-bdba5ea/RTG.jar
2017-09-21 23:56:00 java.class.version = 52.0
2017-09-21 23:56:00 java.endorsed.dirs = /Library/Java/JavaVirtualMachines/jdk1.8.0_121.jdk/Contents/Home/jre/lib/endorsed
2017-09-21 23:56:00 java.ext.dirs = /Users/arshajii/Library/Java/Extensions:/Library/Java/JavaVirtualMachines/jdk1.8.0_121.jdk/Contents/Home/jre/lib/ext:/Library/Java/Extensions:/Network/Library/Java/Extensions:/System/Library/Java/Extensions:/usr/lib/java
2017-09-21 23:56:00 java.home = /Library/Java/JavaVirtualMachines/jdk1.8.0_121.jdk/Contents/Home/jre
2017-09-21 23:56:00 java.io.tmpdir = /var/folders/l0/8qx8wvwj3y99fmk0rffwcjdw0000gn/T/
2017-09-21 23:56:00 java.library.path = /Users/arshajii/Documents/research/map10x/utils/rtg-tools/dist/rtg-tools-3.8.4-bdba5ea
2017-09-21 23:56:00 java.runtime.name = Java(TM) SE Runtime Environment
2017-09-21 23:56:00 java.runtime.version = 1.8.0_121-b13
2017-09-21 23:56:00 java.specification.name = Java Platform API Specification
2017-09-21 23:56:00 java.specification.vendor = Oracle Corporation
2017-09-21 23:56:00 java.specification.version = 1.8
2017-09-21 23:56:00 java.vendor = Oracle Corporation
2017-09-21 23:56:00 java.vendor.url = http://java.oracle.com/
2017-09-21 23:56:00 java.vendor.url.bug = http://bugreport.sun.com/bugreport/
2017-09-21 23:56:00 java.version = 1.8.0_121
2017-09-21 23:56:00 java.vm.info = mixed mode
2017-09-21 23:56:00 java.vm.name = Java HotSpot(TM) 64-Bit Server VM
2017-09-21 23:56:00 java.vm.specification.name = Java Virtual Machine Specification
2017-09-21 23:56:00 java.vm.specification.vendor = Oracle Corporation
2017-09-21 23:56:00 java.vm.specification.version = 1.8
2017-09-21 23:56:00 java.vm.vendor = Oracle Corporation
2017-09-21 23:56:00 java.vm.version = 25.121-b13
2017-09-21 23:56:00 lang.version = 1.8.0_121
2017-09-21 23:56:00 line.separator = 

2017-09-21 23:56:00 models.dir = /Users/arshajii/Documents/research/map10x/utils/rtg-tools/dist/rtg-tools-3.8.4-bdba5ea/models
2017-09-21 23:56:00 os.arch = x86_64
2017-09-21 23:56:00 os.freememory = 6203453440
2017-09-21 23:56:00 os.name = Mac OS X
2017-09-21 23:56:00 os.totalmemory = 17179869184
2017-09-21 23:56:00 os.version = 10.12.6
2017-09-21 23:56:00 path.separator = :
2017-09-21 23:56:00 processor.arch = x86_64
2017-09-21 23:56:00 processor.count = 4
2017-09-21 23:56:00 references.dir = /Users/arshajii/Documents/research/map10x/utils/rtg-tools/dist/rtg-tools-3.8.4-bdba5ea/references
2017-09-21 23:56:00 runtime.freememory = 244002352
2017-09-21 23:56:00 runtime.maxmemory = 13744734208
2017-09-21 23:56:00 runtime.totalMemory = 257425408
2017-09-21 23:56:00 sun.arch.data.model = 64
2017-09-21 23:56:00 sun.boot.class.path = /Library/Java/JavaVirtualMachines/jdk1.8.0_121.jdk/Contents/Home/jre/lib/resources.jar:/Library/Java/JavaVirtualMachines/jdk1.8.0_121.jdk/Contents/Home/jre/lib/rt.jar:/Library/Java/JavaVirtualMachines/jdk1.8.0_121.jdk/Contents/Home/jre/lib/sunrsasign.jar:/Library/Java/JavaVirtualMachines/jdk1.8.0_121.jdk/Contents/Home/jre/lib/jsse.jar:/Library/Java/JavaVirtualMachines/jdk1.8.0_121.jdk/Contents/Home/jre/lib/jce.jar:/Library/Java/JavaVirtualMachines/jdk1.8.0_121.jdk/Contents/Home/jre/lib/charsets.jar:/Library/Java/JavaVirtualMachines/jdk1.8.0_121.jdk/Contents/Home/jre/lib/jfr.jar:/Library/Java/JavaVirtualMachines/jdk1.8.0_121.jdk/Contents/Home/jre/classes
2017-09-21 23:56:00 sun.boot.library.path = /Library/Java/JavaVirtualMachines/jdk1.8.0_121.jdk/Contents/Home/jre/lib
2017-09-21 23:56:00 sun.cpu.endian = little
2017-09-21 23:56:00 sun.cpu.isalist = 
2017-09-21 23:56:00 sun.io.unicode.encoding = UnicodeBig
2017-09-21 23:56:00 sun.java.command = /Users/arshajii/Documents/research/map10x/utils/rtg-tools/dist/rtg-tools-3.8.4-bdba5ea/RTG.jar vcfeval --baseline=HG001_GRCh37_GIAB_highconf_CG-IllFB-IllGATKHC-Ion-10X-SOLID_CHROM1-X_v.3.3.2_highconf_PGandRTGphasetransfer.vcf.gz --evaluation-regions=HG001_GRCh37_GIAB_highconf_CG-IllFB-IllGATKHC-Ion-10X-SOLID_CHROM1-X_v.3.3.2_highconf_nosomaticdel.bed --calls=bwa_out.reformat.vcf.gz --threads=1 --output=bwa_out --template=hg19_new.sdf --output-mode=roc-only --no-gzip
2017-09-21 23:56:00 sun.java.launcher = SUN_STANDARD
2017-09-21 23:56:00 sun.jnu.encoding = UTF-8
2017-09-21 23:56:00 sun.management.compiler = HotSpot 64-Bit Tiered Compilers
2017-09-21 23:56:00 sun.os.patch.level = unknown
2017-09-21 23:56:00 talkback = true
2017-09-21 23:56:00 user.country = US
2017-09-21 23:56:00 user.dir = /Users/arshajii/Documents/research/map10x/utils/data
2017-09-21 23:56:00 user.home = /Users/arshajii
2017-09-21 23:56:00 user.language = en
2017-09-21 23:56:00 user.name = arshajii
2017-09-21 23:56:00 user.timezone = America/New_York
2017-09-21 23:56:00 vendor = Oracle Corporation
2017-09-21 23:56:00 gzipfix.enabled = true
2017-09-21 23:56:00 Command line arguments: rtg vcfeval --baseline=HG001_GRCh37_GIAB_highconf_CG-IllFB-IllGATKHC-Ion-10X-SOLID_CHROM1-X_v.3.3.2_highconf_PGandRTGphasetransfer.vcf.gz --evaluation-regions=HG001_GRCh37_GIAB_highconf_CG-IllFB-IllGATKHC-Ion-10X-SOLID_CHROM1-X_v.3.3.2_highconf_nosomaticdel.bed --calls=bwa_out.reformat.vcf.gz --threads=1 --output=bwa_out --template=hg19_new.sdf --output-mode=roc-only --no-gzip
2017-09-21 23:56:00 Run Id: fea7a9f5-9d14-47c9-b425-359857793be1
2017-09-21 23:56:00 Referenced SDF-ID: 13a48056-2d9c-4ca6-8c6b-974fe0ce4500 Type: DNA Sequences: 85 Max-Length: 249250621 Min-Length: 4262 Arm: UNKNOWN
2017-09-21 23:56:01 Reference sequence Y is used in calls but not in baseline.
2017-09-21 23:56:01 Reference sequence M is used in calls but not in baseline.
2017-09-21 23:56:01 Reference sequence 1_gl000191_random is used in calls but not in baseline.
2017-09-21 23:56:01 Reference sequence 1_gl000192_random is used in calls but not in baseline.
2017-09-21 23:56:01 Reference sequence 4_gl000193_random is used in calls but not in baseline.
2017-09-21 23:56:01 Reference sequence 4_gl000194_random is used in calls but not in baseline.
2017-09-21 23:56:01 Reference sequence 7_gl000195_random is used in calls but not in baseline.
2017-09-21 23:56:01 Reference sequence 8_gl000196_random is used in calls but not in baseline.
2017-09-21 23:56:01 Reference sequence 8_gl000197_random is used in calls but not in baseline.
2017-09-21 23:56:01 Reference sequence 9_gl000198_random is used in calls but not in baseline.
2017-09-21 23:56:01 Reference sequence 9_gl000199_random is used in calls but not in baseline.
2017-09-21 23:56:01 Reference sequence 9_gl000200_random is used in calls but not in baseline.
2017-09-21 23:56:01 Reference sequence 9_gl000201_random is used in calls but not in baseline.
2017-09-21 23:56:01 Reference sequence 11_gl000202_random is used in calls but not in baseline.
2017-09-21 23:56:01 Reference sequence 17_gl000203_random is used in calls but not in baseline.
2017-09-21 23:56:01 Reference sequence 17_gl000204_random is used in calls but not in baseline.
2017-09-21 23:56:01 Reference sequence 17_gl000205_random is used in calls but not in baseline.
2017-09-21 23:56:01 Reference sequence 17_gl000206_random is used in calls but not in baseline.
2017-09-21 23:56:01 Reference sequence 18_gl000207_random is used in calls but not in baseline.
2017-09-21 23:56:01 Reference sequence 19_gl000208_random is used in calls but not in baseline.
2017-09-21 23:56:01 Reference sequence 19_gl000209_random is used in calls but not in baseline.
2017-09-21 23:56:01 Reference sequence 21_gl000210_random is used in calls but not in baseline.
2017-09-21 23:56:01 Reference sequence Un_gl000211 is used in calls but not in baseline.
2017-09-21 23:56:01 Reference sequence Un_gl000212 is used in calls but not in baseline.
2017-09-21 23:56:01 Reference sequence Un_gl000213 is used in calls but not in baseline.
2017-09-21 23:56:01 Reference sequence Un_gl000214 is used in calls but not in baseline.
2017-09-21 23:56:01 Reference sequence Un_gl000215 is used in calls but not in baseline.
2017-09-21 23:56:01 Reference sequence Un_gl000216 is used in calls but not in baseline.
2017-09-21 23:56:01 Reference sequence Un_gl000217 is used in calls but not in baseline.
2017-09-21 23:56:01 Reference sequence Un_gl000218 is used in calls but not in baseline.
2017-09-21 23:56:01 Reference sequence Un_gl000219 is used in calls but not in baseline.
2017-09-21 23:56:01 Reference sequence Un_gl000220 is used in calls but not in baseline.
2017-09-21 23:56:01 Reference sequence Un_gl000221 is used in calls but not in baseline.
2017-09-21 23:56:01 Reference sequence Un_gl000222 is used in calls but not in baseline.
2017-09-21 23:56:01 Reference sequence Un_gl000223 is used in calls but not in baseline.
2017-09-21 23:56:01 Reference sequence Un_gl000224 is used in calls but not in baseline.
2017-09-21 23:56:01 Reference sequence Un_gl000225 is used in calls but not in baseline.
2017-09-21 23:56:01 Reference sequence Un_gl000226 is used in calls but not in baseline.
2017-09-21 23:56:01 Reference sequence Un_gl000227 is used in calls but not in baseline.
2017-09-21 23:56:01 Reference sequence Un_gl000228 is used in calls but not in baseline.
2017-09-21 23:56:01 Reference sequence Un_gl000229 is used in calls but not in baseline.
2017-09-21 23:56:01 Reference sequence Un_gl000230 is used in calls but not in baseline.
2017-09-21 23:56:01 Reference sequence Un_gl000231 is used in calls but not in baseline.
2017-09-21 23:56:01 Reference sequence Un_gl000232 is used in calls but not in baseline.
2017-09-21 23:56:01 Reference sequence Un_gl000233 is used in calls but not in baseline.
2017-09-21 23:56:01 Reference sequence Un_gl000234 is used in calls but not in baseline.
2017-09-21 23:56:01 Reference sequence Un_gl000235 is used in calls but not in baseline.
2017-09-21 23:56:01 Reference sequence Un_gl000236 is used in calls but not in baseline.
2017-09-21 23:56:01 Reference sequence Un_gl000237 is used in calls but not in baseline.
2017-09-21 23:56:01 Reference sequence Un_gl000238 is used in calls but not in baseline.
2017-09-21 23:56:01 Reference sequence Un_gl000239 is used in calls but not in baseline.
2017-09-21 23:56:01 Reference sequence Un_gl000240 is used in calls but not in baseline.
2017-09-21 23:56:01 Reference sequence Un_gl000241 is used in calls but not in baseline.
2017-09-21 23:56:01 Reference sequence Un_gl000242 is used in calls but not in baseline.
2017-09-21 23:56:01 Reference sequence Un_gl000243 is used in calls but not in baseline.
2017-09-21 23:56:01 Reference sequence Un_gl000244 is used in calls but not in baseline.
2017-09-21 23:56:01 Reference sequence Un_gl000245 is used in calls but not in baseline.
2017-09-21 23:56:01 Reference sequence Un_gl000246 is used in calls but not in baseline.
2017-09-21 23:56:01 Reference sequence Un_gl000247 is used in calls but not in baseline.
2017-09-21 23:56:01 Reference sequence Un_gl000248 is used in calls but not in baseline.
2017-09-21 23:56:01 Reference sequence Un_gl000249 is used in calls but not in baseline.
2017-09-21 23:56:01 Reference sequence hs37d5 is used in calls but not in baseline.
2017-09-21 23:56:06 Reference 1 baseline contains 291615 variants.
2017-09-21 23:56:06 Reference 1 calls contains 399091 variants.
2017-09-21 23:56:13 Reference 1 had maximum path complexity of 537 at 1:238722471-238722958
2017-09-21 23:56:14 Reference 1 had maximum path complexity of 27 at 1:42720347-42720356
2017-09-21 23:56:27 Reference 2 baseline contains 311631 variants.
2017-09-21 23:56:27 Reference 2 calls contains 405067 variants.
2017-09-21 23:56:31 Reference 2 had maximum path complexity of 3420 at 2:105849275-105849330
2017-09-21 23:56:35 Reference 2 had maximum path complexity of 91 at 2:104369372-104371368
2017-09-21 23:56:43 Reference 3 baseline contains 261199 variants.
2017-09-21 23:56:43 Reference 3 calls contains 332377 variants.
2017-09-21 23:56:48 Reference 3 had maximum path complexity of 1831 at 3:131511502-131511673
2017-09-21 23:56:48 Reference 3 had maximum path complexity of 203 at 3:54770019-54770169
2017-09-21 23:56:57 Reference 4 baseline contains 278204 variants.
2017-09-21 23:56:57 Reference 4 calls contains 357778 variants.
2017-09-21 23:57:01 Reference 4 had maximum path complexity of 214 at 4:158481307-158481614
2017-09-21 23:57:02 Reference 4 had maximum path complexity of 47 at 4:37603969-37607387
2017-09-21 23:57:08 Reference 5 baseline contains 237642 variants.
2017-09-21 23:57:08 Reference 5 calls contains 306668 variants.
2017-09-21 23:57:11 Reference 5 had maximum path complexity of 697 at 5:91752206-91752483
2017-09-21 23:57:12 Reference 5 had maximum path complexity of 44 at 5:68385888-68387474
2017-09-21 23:57:18 Reference 6 baseline contains 229273 variants.
2017-09-21 23:57:18 Reference 6 calls contains 318935 variants.
2017-09-21 23:57:20 Reference 6 had maximum path complexity of 251 at 6:70484879-70485671
2017-09-21 23:57:21 Reference 6 had maximum path complexity of 36 at 6:145607555-145607570
2017-09-21 23:57:26 Reference 7 baseline contains 201461 variants.
2017-09-21 23:57:26 Reference 7 calls contains 278359 variants.
2017-09-21 23:57:29 Reference 7 had maximum path complexity of 255 at 7:137990804-137991369
2017-09-21 23:57:29 Reference 7 had maximum path complexity of 20 at 7:138322186-138323017
2017-09-21 23:57:34 Reference 8 baseline contains 204376 variants.
2017-09-21 23:57:34 Reference 8 calls contains 259159 variants.
2017-09-21 23:57:36 Reference 8 had maximum path complexity of 750 at 8:9187916-9188118
2017-09-21 23:57:37 Reference 8 had maximum path complexity of 23 at 8:71422680-71422688
2017-09-21 23:57:41 Reference 9 baseline contains 157739 variants.
2017-09-21 23:57:41 Reference 9 calls contains 220969 variants.
2017-09-21 23:57:43 Reference 9 had maximum path complexity of 294 at 9:6524255-6525181
2017-09-21 23:57:43 Reference 9 had maximum path complexity of 38 at 9:37804215-37807655
2017-09-21 23:57:47 Reference 10 baseline contains 184045 variants.
2017-09-21 23:57:47 Reference 10 calls contains 244243 variants.
2017-09-21 23:57:49 Reference 10 had maximum path complexity of 419 at 10:120295221-120296011
2017-09-21 23:57:50 Reference 10 had maximum path complexity of 50 at 10:120295221-120296483
2017-09-21 23:57:55 Reference 11 baseline contains 186001 variants.
2017-09-21 23:57:55 Reference 11 calls contains 245909 variants.
2017-09-21 23:57:56 Reference 11 had maximum path complexity of 1008 at 11:5205533-5206293
2017-09-21 23:57:57 Reference 11 had maximum path complexity of 25 at 11:110761452-110763174
2017-09-21 23:58:01 Reference 12 baseline contains 178859 variants.
2017-09-21 23:58:01 Reference 12 calls contains 232609 variants.
2017-09-21 23:58:03 Reference 12 had maximum path complexity of 2127 at 12:19701453-19701786
2017-09-21 23:58:04 Reference 12 had maximum path complexity of 45 at 12:15513745-15514372
2017-09-21 23:58:08 Reference 13 baseline contains 146671 variants.
2017-09-21 23:58:08 Reference 13 calls contains 186028 variants.
2017-09-21 23:58:10 Reference 13 had maximum path complexity of 565 at 13:86652273-86652909
2017-09-21 23:58:10 Reference 13 had maximum path complexity of 74 at 13:86652273-86662795
2017-09-21 23:58:13 Reference 14 baseline contains 119967 variants.
2017-09-21 23:58:13 Reference 14 calls contains 158724 variants.
2017-09-21 23:58:14 Reference 14 had maximum path complexity of 188 at 14:39978638-39979021
2017-09-21 23:58:14 Reference 14 had maximum path complexity of 21 at 14:91167029-91168033
2017-09-21 23:58:17 Reference 15 baseline contains 104751 variants.
2017-09-21 23:58:17 Reference 15 calls contains 145601 variants.
2017-09-21 23:58:19 Reference 15 had maximum path complexity of 264 at 15:29736360-29736520
2017-09-21 23:58:19 Reference 15 had maximum path complexity of 27 at 15:30048189-30067399
2017-09-21 23:58:21 Reference 16 baseline contains 110211 variants.
2017-09-21 23:58:21 Reference 16 calls contains 153356 variants.
2017-09-21 23:58:22 Reference 16 had maximum path complexity of 927 at 16:34858333-34860590
2017-09-21 23:58:23 Reference 16 had maximum path complexity of 23 at 16:88613282-88613309
2017-09-21 23:58:26 Reference 17 baseline contains 93524 variants.
2017-09-21 23:58:26 Reference 17 calls contains 133366 variants.
2017-09-21 23:58:27 Reference 17 had maximum path complexity of 239 at 17:75635846-75636700
2017-09-21 23:58:27 Reference 17 had maximum path complexity of 12 at 17:64163510-64166886
2017-09-21 23:58:30 Reference 18 baseline contains 111625 variants.
2017-09-21 23:58:30 Reference 18 calls contains 142055 variants.
2017-09-21 23:58:31 Reference 18 had maximum path complexity of 297 at 18:64742339-64742470
2017-09-21 23:58:31 Reference 18 had maximum path complexity of 17 at 18:45046740-45053404
2017-09-21 23:58:33 Reference 19 baseline contains 73647 variants.
2017-09-21 23:58:33 Reference 19 calls contains 112791 variants.
2017-09-21 23:58:34 Reference 19 had maximum path complexity of 567 at 19:28486101-28486220
2017-09-21 23:58:34 Reference 19 had maximum path complexity of 36 at 19:44483085-44486877
2017-09-21 23:58:37 Reference 20 baseline contains 78096 variants.
2017-09-21 23:58:37 Reference 20 calls contains 104495 variants.
2017-09-21 23:58:38 Reference 20 had maximum path complexity of 433 at 20:693840-694060
2017-09-21 23:58:38 Reference 20 had maximum path complexity of 68 at 20:16653715-16658236
2017-09-21 23:58:40 Reference 21 baseline contains 53345 variants.
2017-09-21 23:58:40 Reference 21 calls contains 81647 variants.
2017-09-21 23:58:41 Reference 21 had maximum path complexity of 159 at 21:22823113-22823278
2017-09-21 23:58:41 Reference 21 had maximum path complexity of 17 at 21:11063064-11063160
2017-09-21 23:58:43 Reference 22 baseline contains 44990 variants.
2017-09-21 23:58:43 Reference 22 calls contains 67339 variants.
2017-09-21 23:58:44 Reference 22 had maximum path complexity of 185 at 22:48751808-48752006
2017-09-21 23:58:44 Reference 22 had maximum path complexity of 22 at 22:21582265-21582272
2017-09-21 23:58:46 Reference X baseline contains 116247 variants.
2017-09-21 23:58:46 Reference X calls contains 162919 variants.
2017-09-21 23:58:47 Reference X had maximum path complexity of 565 at X:86596539-86597449
2017-09-21 23:58:48 Reference X had maximum path complexity of 19 at X:69286982-69289414
2017-09-21 23:58:50 Reference Y baseline contains 0 variants.
2017-09-21 23:58:50 Reference Y calls contains 4339 variants.
2017-09-21 23:58:50 Reference M baseline contains 0 variants.
2017-09-21 23:58:50 Reference M calls contains 45 variants.
2017-09-21 23:58:51 Reference 1_gl000191_random baseline contains 0 variants.
2017-09-21 23:58:51 Reference 1_gl000191_random calls contains 85 variants.
2017-09-21 23:58:51 Reference 1_gl000192_random baseline contains 0 variants.
2017-09-21 23:58:51 Reference 1_gl000192_random calls contains 958 variants.
2017-09-21 23:58:51 Reference 4_gl000193_random baseline contains 0 variants.
2017-09-21 23:58:51 Reference 4_gl000193_random calls contains 1330 variants.
2017-09-21 23:58:51 Reference 4_gl000194_random baseline contains 0 variants.
2017-09-21 23:58:51 Reference 4_gl000194_random calls contains 1551 variants.
2017-09-21 23:58:52 Reference 7_gl000195_random baseline contains 0 variants.
2017-09-21 23:58:52 Reference 7_gl000195_random calls contains 3159 variants.
2017-09-21 23:58:52 Reference 8_gl000196_random baseline contains 0 variants.
2017-09-21 23:58:52 Reference 8_gl000196_random calls contains 2 variants.
2017-09-21 23:58:52 Reference 8_gl000197_random baseline contains 0 variants.
2017-09-21 23:58:52 Reference 8_gl000197_random calls contains 1 variants.
2017-09-21 23:58:52 Reference 9_gl000198_random baseline contains 0 variants.
2017-09-21 23:58:52 Reference 9_gl000198_random calls contains 336 variants.
2017-09-21 23:58:52 Reference 9_gl000199_random baseline contains 0 variants.
2017-09-21 23:58:52 Reference 9_gl000199_random calls contains 1059 variants.
2017-09-21 23:58:52 Reference 9_gl000200_random baseline contains 0 variants.
2017-09-21 23:58:52 Reference 9_gl000200_random calls contains 1 variants.
2017-09-21 23:58:53 Reference 9_gl000201_random baseline contains 0 variants.
2017-09-21 23:58:53 Reference 9_gl000201_random calls contains 12 variants.
2017-09-21 23:58:53 Reference 11_gl000202_random baseline contains 0 variants.
2017-09-21 23:58:53 Reference 11_gl000202_random calls contains 9 variants.
2017-09-21 23:58:53 Reference 17_gl000203_random baseline contains 0 variants.
2017-09-21 23:58:53 Reference 17_gl000203_random calls contains 57 variants.
2017-09-21 23:58:53 Reference 17_gl000204_random baseline contains 0 variants.
2017-09-21 23:58:53 Reference 17_gl000204_random calls contains 73 variants.
2017-09-21 23:58:53 Reference 17_gl000205_random baseline contains 0 variants.
2017-09-21 23:58:53 Reference 17_gl000205_random calls contains 2662 variants.
2017-09-21 23:58:53 Reference 17_gl000206_random baseline contains 0 variants.
2017-09-21 23:58:53 Reference 17_gl000206_random calls contains 17 variants.
2017-09-21 23:58:54 Reference 18_gl000207_random baseline contains 0 variants.
2017-09-21 23:58:54 Reference 18_gl000207_random calls contains 11 variants.
2017-09-21 23:58:54 Reference 19_gl000208_random baseline contains 0 variants.
2017-09-21 23:58:54 Reference 19_gl000208_random calls contains 1256 variants.
2017-09-21 23:58:54 Reference 19_gl000209_random baseline contains 0 variants.
2017-09-21 23:58:54 Reference 19_gl000209_random calls contains 292 variants.
2017-09-21 23:58:54 Reference 21_gl000210_random baseline contains 0 variants.
2017-09-21 23:58:54 Reference 21_gl000210_random calls contains 1 variants.
2017-09-21 23:58:54 Reference Un_gl000211 baseline contains 0 variants.
2017-09-21 23:58:54 Reference Un_gl000211 calls contains 479 variants.
2017-09-21 23:58:54 Reference Un_gl000212 baseline contains 0 variants.
2017-09-21 23:58:54 Reference Un_gl000212 calls contains 951 variants.
2017-09-21 23:58:55 Reference Un_gl000213 baseline contains 0 variants.
2017-09-21 23:58:55 Reference Un_gl000213 calls contains 85 variants.
2017-09-21 23:58:55 Reference Un_gl000214 baseline contains 0 variants.
2017-09-21 23:58:55 Reference Un_gl000214 calls contains 2366 variants.
2017-09-21 23:58:55 Reference Un_gl000215 baseline contains 0 variants.
2017-09-21 23:58:55 Reference Un_gl000215 calls contains 53 variants.
2017-09-21 23:58:55 Reference Un_gl000216 baseline contains 0 variants.
2017-09-21 23:58:55 Reference Un_gl000216 calls contains 2122 variants.
2017-09-21 23:58:56 Reference Un_gl000217 baseline contains 0 variants.
2017-09-21 23:58:56 Reference Un_gl000217 calls contains 1131 variants.
2017-09-21 23:58:56 Reference Un_gl000218 baseline contains 0 variants.
2017-09-21 23:58:56 Reference Un_gl000218 calls contains 1059 variants.
2017-09-21 23:58:56 Reference Un_gl000219 baseline contains 0 variants.
2017-09-21 23:58:56 Reference Un_gl000219 calls contains 1901 variants.
2017-09-21 23:58:56 Reference Un_gl000220 baseline contains 0 variants.
2017-09-21 23:58:56 Reference Un_gl000220 calls contains 1761 variants.
2017-09-21 23:58:56 Reference Un_gl000221 baseline contains 0 variants.
2017-09-21 23:58:56 Reference Un_gl000221 calls contains 667 variants.
2017-09-21 23:58:56 Reference Un_gl000222 baseline contains 0 variants.
2017-09-21 23:58:56 Reference Un_gl000222 calls contains 725 variants.
2017-09-21 23:58:57 Reference Un_gl000223 baseline contains 0 variants.
2017-09-21 23:58:57 Reference Un_gl000223 calls contains 18 variants.
2017-09-21 23:58:57 Reference Un_gl000224 baseline contains 0 variants.
2017-09-21 23:58:57 Reference Un_gl000224 calls contains 950 variants.
2017-09-21 23:58:57 Reference Un_gl000225 baseline contains 0 variants.
2017-09-21 23:58:57 Reference Un_gl000225 calls contains 4846 variants.
2017-09-21 23:58:57 Reference Un_gl000226 baseline contains 0 variants.
2017-09-21 23:58:57 Reference Un_gl000226 calls contains 128 variants.
2017-09-21 23:58:57 Reference Un_gl000227 baseline contains 0 variants.
2017-09-21 23:58:57 Reference Un_gl000227 calls contains 29 variants.
2017-09-21 23:58:57 Reference Un_gl000228 baseline contains 0 variants.
2017-09-21 23:58:57 Reference Un_gl000228 calls contains 201 variants.
2017-09-21 23:58:58 Reference Un_gl000229 baseline contains 0 variants.
2017-09-21 23:58:58 Reference Un_gl000229 calls contains 124 variants.
2017-09-21 23:58:58 Reference Un_gl000230 baseline contains 0 variants.
2017-09-21 23:58:58 Reference Un_gl000230 calls contains 185 variants.
2017-09-21 23:58:58 Reference Un_gl000231 baseline contains 0 variants.
2017-09-21 23:58:58 Reference Un_gl000231 calls contains 185 variants.
2017-09-21 23:58:58 Reference Un_gl000232 baseline contains 0 variants.
2017-09-21 23:58:58 Reference Un_gl000232 calls contains 218 variants.
2017-09-21 23:58:58 Reference Un_gl000233 baseline contains 0 variants.
2017-09-21 23:58:58 Reference Un_gl000233 calls contains 256 variants.
2017-09-21 23:58:58 Reference Un_gl000234 baseline contains 0 variants.
2017-09-21 23:58:58 Reference Un_gl000234 calls contains 310 variants.
2017-09-21 23:58:58 Reference Un_gl000235 baseline contains 0 variants.
2017-09-21 23:58:58 Reference Un_gl000235 calls contains 528 variants.
2017-09-21 23:58:58 Reference Un_gl000236 baseline contains 0 variants.
2017-09-21 23:58:58 Reference Un_gl000236 calls contains 16 variants.
2017-09-21 23:58:59 Reference Un_gl000237 baseline contains 0 variants.
2017-09-21 23:58:59 Reference Un_gl000237 calls contains 532 variants.
2017-09-21 23:58:59 Reference Un_gl000238 baseline contains 0 variants.
2017-09-21 23:58:59 Reference Un_gl000238 calls contains 9 variants.
2017-09-21 23:58:59 Reference Un_gl000239 baseline contains 0 variants.
2017-09-21 23:58:59 Reference Un_gl000239 calls contains 84 variants.
2017-09-21 23:58:59 Reference Un_gl000240 baseline contains 0 variants.
2017-09-21 23:58:59 Reference Un_gl000240 calls contains 332 variants.
2017-09-21 23:58:59 Reference Un_gl000241 baseline contains 0 variants.
2017-09-21 23:58:59 Reference Un_gl000241 calls contains 422 variants.
2017-09-21 23:58:59 Reference Un_gl000242 baseline contains 0 variants.
2017-09-21 23:58:59 Reference Un_gl000242 calls contains 5 variants.
2017-09-21 23:58:59 Reference Un_gl000243 baseline contains 0 variants.
2017-09-21 23:58:59 Reference Un_gl000243 calls contains 157 variants.
2017-09-21 23:59:00 Reference Un_gl000244 baseline contains 0 variants.
2017-09-21 23:59:00 Reference Un_gl000244 calls contains 42 variants.
2017-09-21 23:59:00 Reference Un_gl000245 baseline contains 0 variants.
2017-09-21 23:59:00 Reference Un_gl000245 calls contains 48 variants.
2017-09-21 23:59:00 Reference Un_gl000246 baseline contains 0 variants.
2017-09-21 23:59:00 Reference Un_gl000246 calls contains 19 variants.
2017-09-21 23:59:00 Reference Un_gl000247 baseline contains 0 variants.
2017-09-21 23:59:00 Reference Un_gl000247 calls contains 127 variants.
2017-09-21 23:59:00 Reference Un_gl000248 baseline contains 0 variants.
2017-09-21 23:59:00 Reference Un_gl000248 calls contains 23 variants.
2017-09-21 23:59:00 Reference Un_gl000249 baseline contains 0 variants.
2017-09-21 23:59:00 Reference Un_gl000249 calls contains 3 variants.
2017-09-21 23:59:01 Reference hs37d5 baseline contains 0 variants.
2017-09-21 23:59:01 Reference hs37d5 calls contains 195525 variants.
2017-09-21 23:59:03 Fraction of calls outside evaluation regions: 0.2723 (1103915/4053806)
2017-09-21 23:59:03 Threshold  True-pos-baseline  True-pos-call  False-pos  False-neg  Precision  Sensitivity  F-measure
----------------------------------------------------------------------------------------------------
    1.000            3613145        3613248     489489      77716     0.8807       0.9789     0.9272
     None            3613145        3613248     489489      77716     0.8807       0.9789     0.9272

2017-09-21 23:59:03 Finished successfully in 187 s.
