2018-02-03 11:27:48 serial = 27182818284
2018-02-03 11:27:48 email = anon
2018-02-03 11:27:48 RTG version = RTG Tools 3.8.4 / Core bdba5ea (2017-09-19)
2018-02-03 11:27:48 awt.toolkit = sun.lwawt.macosx.LWCToolkit
2018-02-03 11:27:48 file.encoding = UTF-8
2018-02-03 11:27:48 file.encoding.pkg = sun.io
2018-02-03 11:27:48 file.separator = /
2018-02-03 11:27:48 gopherProxySet = false
2018-02-03 11:27:48 host.name = Ariyas-MacBook-Pro-2.local
2018-02-03 11:27:48 java.awt.graphicsenv = sun.awt.CGraphicsEnvironment
2018-02-03 11:27:48 java.awt.printerjob = sun.lwawt.macosx.CPrinterJob
2018-02-03 11:27:48 java.class.path = /Users/arshajii/Documents/research/map10x/utils/rtg-tools/dist/rtg-tools-3.8.4-bdba5ea/RTG.jar
2018-02-03 11:27:48 java.class.version = 53.0
2018-02-03 11:27:48 java.home = /Library/Java/JavaVirtualMachines/jdk-9.0.4.jdk/Contents/Home
2018-02-03 11:27:48 java.io.tmpdir = /var/folders/l0/8qx8wvwj3y99fmk0rffwcjdw0000gn/T/
2018-02-03 11:27:48 java.library.path = /Users/arshajii/Documents/research/map10x/utils/rtg-tools/dist/rtg-tools-3.8.4-bdba5ea
2018-02-03 11:27:48 java.runtime.name = Java(TM) SE Runtime Environment
2018-02-03 11:27:48 java.runtime.version = 9.0.4+11
2018-02-03 11:27:48 java.specification.name = Java Platform API Specification
2018-02-03 11:27:48 java.specification.vendor = Oracle Corporation
2018-02-03 11:27:48 java.specification.version = 9
2018-02-03 11:27:48 java.vendor = Oracle Corporation
2018-02-03 11:27:48 java.vendor.url = http://java.oracle.com/
2018-02-03 11:27:48 java.vendor.url.bug = http://bugreport.java.com/bugreport/
2018-02-03 11:27:48 java.version = 9.0.4
2018-02-03 11:27:48 java.vm.compressedOopsMode = Zero based
2018-02-03 11:27:48 java.vm.info = mixed mode
2018-02-03 11:27:48 java.vm.name = Java HotSpot(TM) 64-Bit Server VM
2018-02-03 11:27:48 java.vm.specification.name = Java Virtual Machine Specification
2018-02-03 11:27:48 java.vm.specification.vendor = Oracle Corporation
2018-02-03 11:27:48 java.vm.specification.version = 9
2018-02-03 11:27:48 java.vm.vendor = Oracle Corporation
2018-02-03 11:27:48 java.vm.version = 9.0.4+11
2018-02-03 11:27:48 jdk.debug = release
2018-02-03 11:27:48 lang.version = 9.0.4
2018-02-03 11:27:48 line.separator = 

2018-02-03 11:27:48 models.dir = /Users/arshajii/Documents/research/map10x/utils/rtg-tools/dist/rtg-tools-3.8.4-bdba5ea/models
2018-02-03 11:27:48 os.arch = x86_64
2018-02-03 11:27:48 os.freememory = 9960132608
2018-02-03 11:27:48 os.name = Mac OS X
2018-02-03 11:27:48 os.totalmemory = 17179869184
2018-02-03 11:27:48 os.version = 10.13.3
2018-02-03 11:27:48 path.separator = :
2018-02-03 11:27:48 processor.arch = x86_64
2018-02-03 11:27:48 processor.count = 4
2018-02-03 11:27:48 references.dir = /Users/arshajii/Documents/research/map10x/utils/rtg-tools/dist/rtg-tools-3.8.4-bdba5ea/references
2018-02-03 11:27:48 runtime.freememory = 257355704
2018-02-03 11:27:48 runtime.maxmemory = 15462301696
2018-02-03 11:27:48 runtime.totalMemory = 268435456
2018-02-03 11:27:48 sun.arch.data.model = 64
2018-02-03 11:27:48 sun.boot.library.path = /Library/Java/JavaVirtualMachines/jdk-9.0.4.jdk/Contents/Home/lib
2018-02-03 11:27:48 sun.cpu.endian = little
2018-02-03 11:27:48 sun.cpu.isalist = 
2018-02-03 11:27:48 sun.io.unicode.encoding = UnicodeBig
2018-02-03 11:27:48 sun.java.command = /Users/arshajii/Documents/research/map10x/utils/rtg-tools/dist/rtg-tools-3.8.4-bdba5ea/RTG.jar vcfeval --baseline=HG004_GRCh37_GIAB_highconf_CG-IllFB-IllGATKHC-Ion-10X_CHROM1-22_v.3.3.2_highconf.vcf.gz --evaluation-regions=HG004_GRCh37_GIAB_highconf_CG-IllFB-IllGATKHC-Ion-10X_CHROM1-22_v.3.3.2_highconf_noinconsistent.bed --calls=lr_out.reformat.vcf.gz --output=lr_out --template=../hg19_new.sdf
2018-02-03 11:27:48 sun.java.launcher = SUN_STANDARD
2018-02-03 11:27:48 sun.jnu.encoding = UTF-8
2018-02-03 11:27:48 sun.management.compiler = HotSpot 64-Bit Tiered Compilers
2018-02-03 11:27:48 sun.os.patch.level = unknown
2018-02-03 11:27:48 talkback = true
2018-02-03 11:27:48 user.country = US
2018-02-03 11:27:48 user.dir = /Users/arshajii/Documents/research/map10x/utils/data/na24143
2018-02-03 11:27:48 user.home = /Users/arshajii
2018-02-03 11:27:48 user.language = en
2018-02-03 11:27:48 user.name = arshajii
2018-02-03 11:27:48 user.timezone = America/New_York
2018-02-03 11:27:48 vendor = Oracle Corporation
2018-02-03 11:27:48 gzipfix.enabled = true
2018-02-03 11:27:48 Command line arguments: rtg vcfeval --baseline=HG004_GRCh37_GIAB_highconf_CG-IllFB-IllGATKHC-Ion-10X_CHROM1-22_v.3.3.2_highconf.vcf.gz --evaluation-regions=HG004_GRCh37_GIAB_highconf_CG-IllFB-IllGATKHC-Ion-10X_CHROM1-22_v.3.3.2_highconf_noinconsistent.bed --calls=lr_out.reformat.vcf.gz --output=lr_out --template=../hg19_new.sdf
2018-02-03 11:27:48 Run Id: d5f6e614-064d-4685-b07f-aaf8985f5dd0
2018-02-03 11:27:48 Referenced SDF-ID: 13a48056-2d9c-4ca6-8c6b-974fe0ce4500 Type: DNA Sequences: 85 Max-Length: 249250621 Min-Length: 4262 Arm: UNKNOWN
2018-02-03 11:27:49 Reference sequence X is used in calls but not in baseline.
2018-02-03 11:27:49 Reference sequence Y is used in calls but not in baseline.
2018-02-03 11:27:49 Reference sequence M is used in calls but not in baseline.
2018-02-03 11:27:49 Reference sequence 1_gl000191_random is used in calls but not in baseline.
2018-02-03 11:27:49 Reference sequence 1_gl000192_random is used in calls but not in baseline.
2018-02-03 11:27:49 Reference sequence 4_gl000193_random is used in calls but not in baseline.
2018-02-03 11:27:49 Reference sequence 4_gl000194_random is used in calls but not in baseline.
2018-02-03 11:27:49 Reference sequence 7_gl000195_random is used in calls but not in baseline.
2018-02-03 11:27:49 Skipping reference sequence 8_gl000196_random that is used by neither baseline or calls.
2018-02-03 11:27:49 Reference sequence 8_gl000197_random is used in calls but not in baseline.
2018-02-03 11:27:49 Reference sequence 9_gl000198_random is used in calls but not in baseline.
2018-02-03 11:27:49 Reference sequence 9_gl000199_random is used in calls but not in baseline.
2018-02-03 11:27:49 Reference sequence 9_gl000200_random is used in calls but not in baseline.
2018-02-03 11:27:49 Skipping reference sequence 9_gl000201_random that is used by neither baseline or calls.
2018-02-03 11:27:49 Reference sequence 11_gl000202_random is used in calls but not in baseline.
2018-02-03 11:27:49 Reference sequence 17_gl000203_random is used in calls but not in baseline.
2018-02-03 11:27:49 Reference sequence 17_gl000204_random is used in calls but not in baseline.
2018-02-03 11:27:49 Reference sequence 17_gl000205_random is used in calls but not in baseline.
2018-02-03 11:27:49 Reference sequence 17_gl000206_random is used in calls but not in baseline.
2018-02-03 11:27:49 Reference sequence 18_gl000207_random is used in calls but not in baseline.
2018-02-03 11:27:49 Reference sequence 19_gl000208_random is used in calls but not in baseline.
2018-02-03 11:27:49 Reference sequence 19_gl000209_random is used in calls but not in baseline.
2018-02-03 11:27:49 Reference sequence 21_gl000210_random is used in calls but not in baseline.
2018-02-03 11:27:49 Reference sequence Un_gl000211 is used in calls but not in baseline.
2018-02-03 11:27:49 Reference sequence Un_gl000212 is used in calls but not in baseline.
2018-02-03 11:27:49 Reference sequence Un_gl000213 is used in calls but not in baseline.
2018-02-03 11:27:49 Reference sequence Un_gl000214 is used in calls but not in baseline.
2018-02-03 11:27:49 Reference sequence Un_gl000215 is used in calls but not in baseline.
2018-02-03 11:27:49 Reference sequence Un_gl000216 is used in calls but not in baseline.
2018-02-03 11:27:49 Reference sequence Un_gl000217 is used in calls but not in baseline.
2018-02-03 11:27:49 Reference sequence Un_gl000218 is used in calls but not in baseline.
2018-02-03 11:27:49 Reference sequence Un_gl000219 is used in calls but not in baseline.
2018-02-03 11:27:49 Reference sequence Un_gl000220 is used in calls but not in baseline.
2018-02-03 11:27:49 Reference sequence Un_gl000221 is used in calls but not in baseline.
2018-02-03 11:27:49 Reference sequence Un_gl000222 is used in calls but not in baseline.
2018-02-03 11:27:49 Reference sequence Un_gl000223 is used in calls but not in baseline.
2018-02-03 11:27:49 Reference sequence Un_gl000224 is used in calls but not in baseline.
2018-02-03 11:27:49 Reference sequence Un_gl000225 is used in calls but not in baseline.
2018-02-03 11:27:49 Reference sequence Un_gl000226 is used in calls but not in baseline.
2018-02-03 11:27:49 Reference sequence Un_gl000227 is used in calls but not in baseline.
2018-02-03 11:27:49 Reference sequence Un_gl000228 is used in calls but not in baseline.
2018-02-03 11:27:49 Reference sequence Un_gl000229 is used in calls but not in baseline.
2018-02-03 11:27:49 Reference sequence Un_gl000230 is used in calls but not in baseline.
2018-02-03 11:27:49 Reference sequence Un_gl000231 is used in calls but not in baseline.
2018-02-03 11:27:49 Reference sequence Un_gl000232 is used in calls but not in baseline.
2018-02-03 11:27:49 Reference sequence Un_gl000233 is used in calls but not in baseline.
2018-02-03 11:27:49 Reference sequence Un_gl000234 is used in calls but not in baseline.
2018-02-03 11:27:49 Reference sequence Un_gl000235 is used in calls but not in baseline.
2018-02-03 11:27:49 Reference sequence Un_gl000236 is used in calls but not in baseline.
2018-02-03 11:27:49 Reference sequence Un_gl000237 is used in calls but not in baseline.
2018-02-03 11:27:49 Reference sequence Un_gl000238 is used in calls but not in baseline.
2018-02-03 11:27:49 Reference sequence Un_gl000239 is used in calls but not in baseline.
2018-02-03 11:27:49 Reference sequence Un_gl000240 is used in calls but not in baseline.
2018-02-03 11:27:49 Reference sequence Un_gl000241 is used in calls but not in baseline.
2018-02-03 11:27:49 Reference sequence Un_gl000242 is used in calls but not in baseline.
2018-02-03 11:27:49 Reference sequence Un_gl000243 is used in calls but not in baseline.
2018-02-03 11:27:49 Reference sequence Un_gl000244 is used in calls but not in baseline.
2018-02-03 11:27:49 Reference sequence Un_gl000245 is used in calls but not in baseline.
2018-02-03 11:27:49 Reference sequence Un_gl000246 is used in calls but not in baseline.
2018-02-03 11:27:49 Reference sequence Un_gl000247 is used in calls but not in baseline.
2018-02-03 11:27:49 Reference sequence Un_gl000248 is used in calls but not in baseline.
2018-02-03 11:27:49 Reference sequence Un_gl000249 is used in calls but not in baseline.
2018-02-03 11:27:49 Skipping reference sequence hs37d5 that is used by neither baseline or calls.
2018-02-03 11:27:54 Reference 1 baseline contains 287152 variants.
2018-02-03 11:27:54 Reference 1 calls contains 432518 variants.
2018-02-03 11:28:01 Reference 2 baseline contains 309134 variants.
2018-02-03 11:28:01 Reference 2 calls contains 428617 variants.
2018-02-03 11:28:04 Reference 1 had maximum path complexity of 604 at 1:68750677-68750805
2018-02-03 11:28:10 Reference 3 baseline contains 267163 variants.
2018-02-03 11:28:10 Reference 3 calls contains 361655 variants.
2018-02-03 11:28:14 Reference 2 had maximum path complexity of 1466 at 2:37201744-37201922
2018-02-03 11:28:21 Reference 4 baseline contains 274972 variants.
2018-02-03 11:28:21 Reference 4 calls contains 374227 variants.
2018-02-03 11:28:22 Reference 3 had maximum path complexity of 1935 at 3:37637754-37637774
2018-02-03 11:28:28 Reference 4 had maximum path complexity of 649 at 4:137311637-137311955
2018-02-03 11:28:31 Reference 5 baseline contains 235472 variants.
2018-02-03 11:28:31 Reference 5 calls contains 328169 variants.
2018-02-03 11:28:36 Reference 5 had maximum path complexity of 433 at 5:3439719-3439748
2018-02-03 11:28:47 Reference 6 baseline contains 222228 variants.
2018-02-03 11:28:47 Reference 6 calls contains 339418 variants.
2018-02-03 11:28:55 Reference 6 had maximum path complexity of 1021 at 6:32503271-32503313
2018-02-03 11:29:00 Reference 7 baseline contains 199510 variants.
2018-02-03 11:29:00 Reference 7 calls contains 298025 variants.
2018-02-03 11:29:05 Reference 7 had maximum path complexity of 12683 at 7:97769442-97769636
2018-02-03 11:29:18 Reference 8 baseline contains 201515 variants.
2018-02-03 11:29:18 Reference 8 calls contains 276766 variants.
2018-02-03 11:29:21 Reference 8 had maximum path complexity of 1152 at 8:8898239-8898820
2018-02-03 11:29:26 Reference 9 baseline contains 153173 variants.
2018-02-03 11:29:26 Reference 9 calls contains 247277 variants.
2018-02-03 11:29:33 Reference 9 had maximum path complexity of 219 at 9:18838879-18839021
2018-02-03 11:29:42 Reference 10 baseline contains 179648 variants.
2018-02-03 11:29:42 Reference 10 calls contains 263908 variants.
2018-02-03 11:29:46 Reference 10 had maximum path complexity of 321 at 10:106117636-106117778
2018-02-03 11:29:51 Reference 11 baseline contains 183022 variants.
2018-02-03 11:29:51 Reference 11 calls contains 261703 variants.
2018-02-03 11:29:54 Reference 11 had maximum path complexity of 729 at 11:90088162-90088701
2018-02-03 11:29:59 Reference 12 baseline contains 173511 variants.
2018-02-03 11:29:59 Reference 12 calls contains 244446 variants.
2018-02-03 11:30:02 Reference 12 had maximum path complexity of 2245 at 12:128911932-128912188
2018-02-03 11:30:05 Reference 13 baseline contains 142558 variants.
2018-02-03 11:30:05 Reference 13 calls contains 193331 variants.
2018-02-03 11:30:08 Reference 13 had maximum path complexity of 804 at 13:86319052-86319112
2018-02-03 11:30:12 Reference 14 baseline contains 119787 variants.
2018-02-03 11:30:12 Reference 14 calls contains 172391 variants.
2018-02-03 11:30:14 Reference 14 had maximum path complexity of 1741 at 14:52393868-52394576
2018-02-03 11:30:19 Reference 15 baseline contains 105763 variants.
2018-02-03 11:30:19 Reference 15 calls contains 165850 variants.
2018-02-03 11:30:21 Reference 15 had maximum path complexity of 219 at 15:94705340-94706906
2018-02-03 11:30:26 Reference 16 baseline contains 106348 variants.
2018-02-03 11:30:26 Reference 16 calls contains 161544 variants.
2018-02-03 11:30:28 Reference 16 had maximum path complexity of 248 at 16:57049503-57049856
2018-02-03 11:30:31 Reference 17 baseline contains 91509 variants.
2018-02-03 11:30:31 Reference 17 calls contains 142163 variants.
2018-02-03 11:30:33 Reference 17 had maximum path complexity of 729 at 17:48146175-48146367
2018-02-03 11:30:36 Reference 18 baseline contains 105849 variants.
2018-02-03 11:30:36 Reference 18 calls contains 145734 variants.
2018-02-03 11:30:38 Reference 18 had maximum path complexity of 729 at 18:77145364-77145440
2018-02-03 11:30:40 Reference 19 baseline contains 68951 variants.
2018-02-03 11:30:40 Reference 19 calls contains 115582 variants.
2018-02-03 11:30:41 Reference 19 had maximum path complexity of 151 at 19:52019399-52019953
2018-02-03 11:30:43 Reference 20 baseline contains 78268 variants.
2018-02-03 11:30:43 Reference 20 calls contains 110518 variants.
2018-02-03 11:30:45 Reference 20 had maximum path complexity of 245 at 20:37346831-37347075
2018-02-03 11:30:47 Reference 21 baseline contains 51909 variants.
2018-02-03 11:30:47 Reference 21 calls contains 88342 variants.
2018-02-03 11:30:48 Reference 21 had maximum path complexity of 433 at 21:21071582-21072684
2018-02-03 11:30:50 Reference 22 baseline contains 40033 variants.
2018-02-03 11:30:50 Reference 22 calls contains 71781 variants.
2018-02-03 11:30:51 Reference 22 had maximum path complexity of 177 at 22:17117127-17118075
2018-02-03 11:30:54 Reference X baseline contains 0 variants.
2018-02-03 11:30:54 Reference X calls contains 180976 variants.
2018-02-03 11:30:56 Reference Y baseline contains 0 variants.
2018-02-03 11:30:56 Reference Y calls contains 6486 variants.
2018-02-03 11:30:59 Reference M baseline contains 0 variants.
2018-02-03 11:30:59 Reference M calls contains 43 variants.
2018-02-03 11:31:00 Reference 1_gl000191_random baseline contains 0 variants.
2018-02-03 11:31:00 Reference 1_gl000191_random calls contains 179 variants.
2018-02-03 11:31:01 Reference 1_gl000192_random baseline contains 0 variants.
2018-02-03 11:31:01 Reference 1_gl000192_random calls contains 1217 variants.
2018-02-03 11:31:02 Reference 4_gl000193_random baseline contains 0 variants.
2018-02-03 11:31:02 Reference 4_gl000193_random calls contains 1375 variants.
2018-02-03 11:31:02 Reference 4_gl000194_random baseline contains 0 variants.
2018-02-03 11:31:02 Reference 4_gl000194_random calls contains 1160 variants.
2018-02-03 11:31:02 Reference 7_gl000195_random baseline contains 0 variants.
2018-02-03 11:31:02 Reference 7_gl000195_random calls contains 3324 variants.
2018-02-03 11:31:02 Reference 8_gl000197_random baseline contains 0 variants.
2018-02-03 11:31:02 Reference 8_gl000197_random calls contains 6 variants.
2018-02-03 11:31:03 Reference 9_gl000198_random baseline contains 0 variants.
2018-02-03 11:31:03 Reference 9_gl000198_random calls contains 248 variants.
2018-02-03 11:31:03 Reference 9_gl000199_random baseline contains 0 variants.
2018-02-03 11:31:03 Reference 9_gl000199_random calls contains 785 variants.
2018-02-03 11:31:03 Reference 9_gl000200_random baseline contains 0 variants.
2018-02-03 11:31:03 Reference 9_gl000200_random calls contains 106 variants.
2018-02-03 11:31:04 Reference 11_gl000202_random baseline contains 0 variants.
2018-02-03 11:31:04 Reference 11_gl000202_random calls contains 57 variants.
2018-02-03 11:31:04 Reference 17_gl000203_random baseline contains 0 variants.
2018-02-03 11:31:04 Reference 17_gl000203_random calls contains 55 variants.
2018-02-03 11:31:04 Reference 17_gl000204_random baseline contains 0 variants.
2018-02-03 11:31:04 Reference 17_gl000204_random calls contains 91 variants.
2018-02-03 11:31:05 Reference 17_gl000205_random baseline contains 0 variants.
2018-02-03 11:31:05 Reference 17_gl000205_random calls contains 2768 variants.
2018-02-03 11:31:05 Reference 17_gl000206_random baseline contains 0 variants.
2018-02-03 11:31:05 Reference 17_gl000206_random calls contains 10 variants.
2018-02-03 11:31:05 Reference 18_gl000207_random baseline contains 0 variants.
2018-02-03 11:31:05 Reference 18_gl000207_random calls contains 3 variants.
2018-02-03 11:31:05 Reference 19_gl000208_random baseline contains 0 variants.
2018-02-03 11:31:05 Reference 19_gl000208_random calls contains 1274 variants.
2018-02-03 11:31:05 Reference 19_gl000209_random baseline contains 0 variants.
2018-02-03 11:31:05 Reference 19_gl000209_random calls contains 165 variants.
2018-02-03 11:31:06 Reference 21_gl000210_random baseline contains 0 variants.
2018-02-03 11:31:06 Reference 21_gl000210_random calls contains 16 variants.
2018-02-03 11:31:06 Reference Un_gl000211 baseline contains 0 variants.
2018-02-03 11:31:06 Reference Un_gl000211 calls contains 239 variants.
2018-02-03 11:31:06 Reference Un_gl000212 baseline contains 0 variants.
2018-02-03 11:31:06 Reference Un_gl000212 calls contains 1012 variants.
2018-02-03 11:31:06 Reference Un_gl000213 baseline contains 0 variants.
2018-02-03 11:31:06 Reference Un_gl000213 calls contains 175 variants.
2018-02-03 11:31:07 Reference Un_gl000214 baseline contains 0 variants.
2018-02-03 11:31:07 Reference Un_gl000214 calls contains 1929 variants.
2018-02-03 11:31:07 Reference Un_gl000215 baseline contains 0 variants.
2018-02-03 11:31:07 Reference Un_gl000215 calls contains 125 variants.
2018-02-03 11:31:07 Reference Un_gl000216 baseline contains 0 variants.
2018-02-03 11:31:07 Reference Un_gl000216 calls contains 738 variants.
2018-02-03 11:31:08 Reference Un_gl000217 baseline contains 0 variants.
2018-02-03 11:31:08 Reference Un_gl000217 calls contains 2239 variants.
2018-02-03 11:31:08 Reference Un_gl000218 baseline contains 0 variants.
2018-02-03 11:31:08 Reference Un_gl000218 calls contains 826 variants.
2018-02-03 11:31:08 Reference Un_gl000219 baseline contains 0 variants.
2018-02-03 11:31:08 Reference Un_gl000219 calls contains 1745 variants.
2018-02-03 11:31:08 Reference Un_gl000220 baseline contains 0 variants.
2018-02-03 11:31:08 Reference Un_gl000220 calls contains 1742 variants.
2018-02-03 11:31:09 Reference Un_gl000221 baseline contains 0 variants.
2018-02-03 11:31:09 Reference Un_gl000221 calls contains 1387 variants.
2018-02-03 11:31:09 Reference Un_gl000222 baseline contains 0 variants.
2018-02-03 11:31:09 Reference Un_gl000222 calls contains 809 variants.
2018-02-03 11:31:09 Reference Un_gl000223 baseline contains 0 variants.
2018-02-03 11:31:09 Reference Un_gl000223 calls contains 157 variants.
2018-02-03 11:31:09 Reference Un_gl000224 baseline contains 0 variants.
2018-02-03 11:31:09 Reference Un_gl000224 calls contains 1149 variants.
2018-02-03 11:31:09 Reference Un_gl000225 baseline contains 0 variants.
2018-02-03 11:31:09 Reference Un_gl000225 calls contains 2425 variants.
2018-02-03 11:31:10 Reference Un_gl000226 baseline contains 0 variants.
2018-02-03 11:31:10 Reference Un_gl000226 calls contains 118 variants.
2018-02-03 11:31:10 Reference Un_gl000227 baseline contains 0 variants.
2018-02-03 11:31:10 Reference Un_gl000227 calls contains 99 variants.
2018-02-03 11:31:10 Reference Un_gl000228 baseline contains 0 variants.
2018-02-03 11:31:10 Reference Un_gl000228 calls contains 214 variants.
2018-02-03 11:31:10 Reference Un_gl000229 baseline contains 0 variants.
2018-02-03 11:31:10 Reference Un_gl000229 calls contains 129 variants.
2018-02-03 11:31:10 Reference Un_gl000230 baseline contains 0 variants.
2018-02-03 11:31:10 Reference Un_gl000230 calls contains 78 variants.
2018-02-03 11:31:10 Reference Un_gl000231 baseline contains 0 variants.
2018-02-03 11:31:10 Reference Un_gl000231 calls contains 167 variants.
2018-02-03 11:31:10 Reference Un_gl000232 baseline contains 0 variants.
2018-02-03 11:31:10 Reference Un_gl000232 calls contains 191 variants.
2018-02-03 11:31:10 Reference Un_gl000233 baseline contains 0 variants.
2018-02-03 11:31:10 Reference Un_gl000233 calls contains 333 variants.
2018-02-03 11:31:11 Reference Un_gl000234 baseline contains 0 variants.
2018-02-03 11:31:11 Reference Un_gl000234 calls contains 245 variants.
2018-02-03 11:31:11 Reference Un_gl000235 baseline contains 0 variants.
2018-02-03 11:31:11 Reference Un_gl000235 calls contains 583 variants.
2018-02-03 11:31:11 Reference Un_gl000236 baseline contains 0 variants.
2018-02-03 11:31:11 Reference Un_gl000236 calls contains 54 variants.
2018-02-03 11:31:11 Reference Un_gl000237 baseline contains 0 variants.
2018-02-03 11:31:11 Reference Un_gl000237 calls contains 1027 variants.
2018-02-03 11:31:11 Reference Un_gl000238 baseline contains 0 variants.
2018-02-03 11:31:11 Reference Un_gl000238 calls contains 16 variants.
2018-02-03 11:31:11 Reference Un_gl000239 baseline contains 0 variants.
2018-02-03 11:31:11 Reference Un_gl000239 calls contains 584 variants.
2018-02-03 11:31:11 Reference Un_gl000240 baseline contains 0 variants.
2018-02-03 11:31:11 Reference Un_gl000240 calls contains 336 variants.
2018-02-03 11:31:12 Reference Un_gl000241 baseline contains 0 variants.
2018-02-03 11:31:12 Reference Un_gl000241 calls contains 374 variants.
2018-02-03 11:31:12 Reference Un_gl000242 baseline contains 0 variants.
2018-02-03 11:31:12 Reference Un_gl000242 calls contains 31 variants.
2018-02-03 11:31:12 Reference Un_gl000243 baseline contains 0 variants.
2018-02-03 11:31:12 Reference Un_gl000243 calls contains 234 variants.
2018-02-03 11:31:12 Reference Un_gl000244 baseline contains 0 variants.
2018-02-03 11:31:12 Reference Un_gl000244 calls contains 57 variants.
2018-02-03 11:31:12 Reference Un_gl000245 baseline contains 0 variants.
2018-02-03 11:31:12 Reference Un_gl000245 calls contains 107 variants.
2018-02-03 11:31:12 Reference Un_gl000246 baseline contains 0 variants.
2018-02-03 11:31:12 Reference Un_gl000246 calls contains 15 variants.
2018-02-03 11:31:12 Reference Un_gl000247 baseline contains 0 variants.
2018-02-03 11:31:12 Reference Un_gl000247 calls contains 105 variants.
2018-02-03 11:31:13 Reference Un_gl000248 baseline contains 0 variants.
2018-02-03 11:31:13 Reference Un_gl000248 calls contains 5 variants.
2018-02-03 11:31:13 Reference Un_gl000249 baseline contains 0 variants.
2018-02-03 11:31:13 Reference Un_gl000249 calls contains 5 variants.
2018-02-03 11:31:13 Fraction of calls outside evaluation regions: 0.3205 (1304881/4071029)
2018-02-03 11:31:13 Threshold  True-pos-baseline  True-pos-call  False-pos  False-neg  Precision  Sensitivity  F-measure
----------------------------------------------------------------------------------------------------
    1.000            3390938        3391148     679881     115963     0.8330       0.9669     0.8950
     None            3390938        3391148     679881     115963     0.8330       0.9669     0.8950

2018-02-03 11:31:14 Finished successfully in 206 s.
