2018-02-03 11:21:36 serial = 27182818284
2018-02-03 11:21:36 email = anon
2018-02-03 11:21:36 RTG version = RTG Tools 3.8.4 / Core bdba5ea (2017-09-19)
2018-02-03 11:21:36 awt.toolkit = sun.lwawt.macosx.LWCToolkit
2018-02-03 11:21:36 file.encoding = UTF-8
2018-02-03 11:21:36 file.encoding.pkg = sun.io
2018-02-03 11:21:36 file.separator = /
2018-02-03 11:21:36 gopherProxySet = false
2018-02-03 11:21:36 host.name = Ariyas-MacBook-Pro-2.local
2018-02-03 11:21:36 java.awt.graphicsenv = sun.awt.CGraphicsEnvironment
2018-02-03 11:21:36 java.awt.printerjob = sun.lwawt.macosx.CPrinterJob
2018-02-03 11:21:36 java.class.path = /Users/arshajii/Documents/research/map10x/utils/rtg-tools/dist/rtg-tools-3.8.4-bdba5ea/RTG.jar
2018-02-03 11:21:36 java.class.version = 53.0
2018-02-03 11:21:36 java.home = /Library/Java/JavaVirtualMachines/jdk-9.0.4.jdk/Contents/Home
2018-02-03 11:21:36 java.io.tmpdir = /var/folders/l0/8qx8wvwj3y99fmk0rffwcjdw0000gn/T/
2018-02-03 11:21:36 java.library.path = /Users/arshajii/Documents/research/map10x/utils/rtg-tools/dist/rtg-tools-3.8.4-bdba5ea
2018-02-03 11:21:36 java.runtime.name = Java(TM) SE Runtime Environment
2018-02-03 11:21:36 java.runtime.version = 9.0.4+11
2018-02-03 11:21:36 java.specification.name = Java Platform API Specification
2018-02-03 11:21:36 java.specification.vendor = Oracle Corporation
2018-02-03 11:21:36 java.specification.version = 9
2018-02-03 11:21:36 java.vendor = Oracle Corporation
2018-02-03 11:21:36 java.vendor.url = http://java.oracle.com/
2018-02-03 11:21:36 java.vendor.url.bug = http://bugreport.java.com/bugreport/
2018-02-03 11:21:36 java.version = 9.0.4
2018-02-03 11:21:36 java.vm.compressedOopsMode = Zero based
2018-02-03 11:21:36 java.vm.info = mixed mode
2018-02-03 11:21:36 java.vm.name = Java HotSpot(TM) 64-Bit Server VM
2018-02-03 11:21:36 java.vm.specification.name = Java Virtual Machine Specification
2018-02-03 11:21:36 java.vm.specification.vendor = Oracle Corporation
2018-02-03 11:21:36 java.vm.specification.version = 9
2018-02-03 11:21:36 java.vm.vendor = Oracle Corporation
2018-02-03 11:21:36 java.vm.version = 9.0.4+11
2018-02-03 11:21:36 jdk.debug = release
2018-02-03 11:21:36 lang.version = 9.0.4
2018-02-03 11:21:36 line.separator = 

2018-02-03 11:21:36 models.dir = /Users/arshajii/Documents/research/map10x/utils/rtg-tools/dist/rtg-tools-3.8.4-bdba5ea/models
2018-02-03 11:21:36 os.arch = x86_64
2018-02-03 11:21:36 os.freememory = 2186772480
2018-02-03 11:21:36 os.name = Mac OS X
2018-02-03 11:21:36 os.totalmemory = 17179869184
2018-02-03 11:21:36 os.version = 10.13.3
2018-02-03 11:21:36 path.separator = :
2018-02-03 11:21:36 processor.arch = x86_64
2018-02-03 11:21:36 processor.count = 4
2018-02-03 11:21:36 references.dir = /Users/arshajii/Documents/research/map10x/utils/rtg-tools/dist/rtg-tools-3.8.4-bdba5ea/references
2018-02-03 11:21:36 runtime.freememory = 257355704
2018-02-03 11:21:36 runtime.maxmemory = 15462301696
2018-02-03 11:21:36 runtime.totalMemory = 268435456
2018-02-03 11:21:36 sun.arch.data.model = 64
2018-02-03 11:21:36 sun.boot.library.path = /Library/Java/JavaVirtualMachines/jdk-9.0.4.jdk/Contents/Home/lib
2018-02-03 11:21:36 sun.cpu.endian = little
2018-02-03 11:21:36 sun.cpu.isalist = 
2018-02-03 11:21:36 sun.io.unicode.encoding = UnicodeBig
2018-02-03 11:21:36 sun.java.command = /Users/arshajii/Documents/research/map10x/utils/rtg-tools/dist/rtg-tools-3.8.4-bdba5ea/RTG.jar vcfeval --baseline=HG004_GRCh37_GIAB_highconf_CG-IllFB-IllGATKHC-Ion-10X_CHROM1-22_v.3.3.2_highconf.vcf.gz --evaluation-regions=HG004_GRCh37_GIAB_highconf_CG-IllFB-IllGATKHC-Ion-10X_CHROM1-22_v.3.3.2_highconf_noinconsistent.bed --calls=ema_out.reformat.vcf.gz --output=ema_out --template=../hg19_new.sdf
2018-02-03 11:21:36 sun.java.launcher = SUN_STANDARD
2018-02-03 11:21:36 sun.jnu.encoding = UTF-8
2018-02-03 11:21:36 sun.management.compiler = HotSpot 64-Bit Tiered Compilers
2018-02-03 11:21:36 sun.os.patch.level = unknown
2018-02-03 11:21:36 talkback = true
2018-02-03 11:21:36 user.country = US
2018-02-03 11:21:36 user.dir = /Users/arshajii/Documents/research/map10x/utils/data/na24143
2018-02-03 11:21:36 user.home = /Users/arshajii
2018-02-03 11:21:36 user.language = en
2018-02-03 11:21:36 user.name = arshajii
2018-02-03 11:21:36 user.timezone = America/New_York
2018-02-03 11:21:36 vendor = Oracle Corporation
2018-02-03 11:21:36 gzipfix.enabled = true
2018-02-03 11:21:36 Command line arguments: rtg vcfeval --baseline=HG004_GRCh37_GIAB_highconf_CG-IllFB-IllGATKHC-Ion-10X_CHROM1-22_v.3.3.2_highconf.vcf.gz --evaluation-regions=HG004_GRCh37_GIAB_highconf_CG-IllFB-IllGATKHC-Ion-10X_CHROM1-22_v.3.3.2_highconf_noinconsistent.bed --calls=ema_out.reformat.vcf.gz --output=ema_out --template=../hg19_new.sdf
2018-02-03 11:21:36 Run Id: 2cdd89bf-15f4-46f6-b4ba-5abe98789b73
2018-02-03 11:21:36 Referenced SDF-ID: 13a48056-2d9c-4ca6-8c6b-974fe0ce4500 Type: DNA Sequences: 85 Max-Length: 249250621 Min-Length: 4262 Arm: UNKNOWN
2018-02-03 11:21:37 Reference sequence X is used in calls but not in baseline.
2018-02-03 11:21:37 Reference sequence Y is used in calls but not in baseline.
2018-02-03 11:21:37 Reference sequence M is used in calls but not in baseline.
2018-02-03 11:21:37 Reference sequence 1_gl000191_random is used in calls but not in baseline.
2018-02-03 11:21:37 Reference sequence 1_gl000192_random is used in calls but not in baseline.
2018-02-03 11:21:37 Reference sequence 4_gl000193_random is used in calls but not in baseline.
2018-02-03 11:21:37 Reference sequence 4_gl000194_random is used in calls but not in baseline.
2018-02-03 11:21:37 Reference sequence 7_gl000195_random is used in calls but not in baseline.
2018-02-03 11:21:37 Reference sequence 8_gl000196_random is used in calls but not in baseline.
2018-02-03 11:21:37 Reference sequence 8_gl000197_random is used in calls but not in baseline.
2018-02-03 11:21:37 Reference sequence 9_gl000198_random is used in calls but not in baseline.
2018-02-03 11:21:37 Reference sequence 9_gl000199_random is used in calls but not in baseline.
2018-02-03 11:21:37 Skipping reference sequence 9_gl000200_random that is used by neither baseline or calls.
2018-02-03 11:21:37 Skipping reference sequence 9_gl000201_random that is used by neither baseline or calls.
2018-02-03 11:21:37 Reference sequence 11_gl000202_random is used in calls but not in baseline.
2018-02-03 11:21:37 Reference sequence 17_gl000203_random is used in calls but not in baseline.
2018-02-03 11:21:37 Reference sequence 17_gl000204_random is used in calls but not in baseline.
2018-02-03 11:21:37 Reference sequence 17_gl000205_random is used in calls but not in baseline.
2018-02-03 11:21:37 Reference sequence 17_gl000206_random is used in calls but not in baseline.
2018-02-03 11:21:37 Reference sequence 18_gl000207_random is used in calls but not in baseline.
2018-02-03 11:21:37 Reference sequence 19_gl000208_random is used in calls but not in baseline.
2018-02-03 11:21:37 Reference sequence 19_gl000209_random is used in calls but not in baseline.
2018-02-03 11:21:37 Reference sequence 21_gl000210_random is used in calls but not in baseline.
2018-02-03 11:21:37 Reference sequence Un_gl000211 is used in calls but not in baseline.
2018-02-03 11:21:37 Reference sequence Un_gl000212 is used in calls but not in baseline.
2018-02-03 11:21:37 Reference sequence Un_gl000213 is used in calls but not in baseline.
2018-02-03 11:21:37 Reference sequence Un_gl000214 is used in calls but not in baseline.
2018-02-03 11:21:37 Reference sequence Un_gl000215 is used in calls but not in baseline.
2018-02-03 11:21:37 Reference sequence Un_gl000216 is used in calls but not in baseline.
2018-02-03 11:21:37 Reference sequence Un_gl000217 is used in calls but not in baseline.
2018-02-03 11:21:37 Reference sequence Un_gl000218 is used in calls but not in baseline.
2018-02-03 11:21:37 Reference sequence Un_gl000219 is used in calls but not in baseline.
2018-02-03 11:21:37 Reference sequence Un_gl000220 is used in calls but not in baseline.
2018-02-03 11:21:37 Reference sequence Un_gl000221 is used in calls but not in baseline.
2018-02-03 11:21:37 Reference sequence Un_gl000222 is used in calls but not in baseline.
2018-02-03 11:21:37 Reference sequence Un_gl000223 is used in calls but not in baseline.
2018-02-03 11:21:37 Reference sequence Un_gl000224 is used in calls but not in baseline.
2018-02-03 11:21:37 Reference sequence Un_gl000225 is used in calls but not in baseline.
2018-02-03 11:21:37 Reference sequence Un_gl000226 is used in calls but not in baseline.
2018-02-03 11:21:37 Reference sequence Un_gl000227 is used in calls but not in baseline.
2018-02-03 11:21:37 Reference sequence Un_gl000228 is used in calls but not in baseline.
2018-02-03 11:21:37 Reference sequence Un_gl000229 is used in calls but not in baseline.
2018-02-03 11:21:37 Reference sequence Un_gl000230 is used in calls but not in baseline.
2018-02-03 11:21:37 Reference sequence Un_gl000231 is used in calls but not in baseline.
2018-02-03 11:21:37 Reference sequence Un_gl000232 is used in calls but not in baseline.
2018-02-03 11:21:37 Reference sequence Un_gl000233 is used in calls but not in baseline.
2018-02-03 11:21:37 Reference sequence Un_gl000234 is used in calls but not in baseline.
2018-02-03 11:21:37 Reference sequence Un_gl000235 is used in calls but not in baseline.
2018-02-03 11:21:37 Reference sequence Un_gl000236 is used in calls but not in baseline.
2018-02-03 11:21:37 Reference sequence Un_gl000237 is used in calls but not in baseline.
2018-02-03 11:21:37 Reference sequence Un_gl000238 is used in calls but not in baseline.
2018-02-03 11:21:37 Reference sequence Un_gl000239 is used in calls but not in baseline.
2018-02-03 11:21:37 Reference sequence Un_gl000240 is used in calls but not in baseline.
2018-02-03 11:21:37 Reference sequence Un_gl000241 is used in calls but not in baseline.
2018-02-03 11:21:37 Reference sequence Un_gl000242 is used in calls but not in baseline.
2018-02-03 11:21:37 Reference sequence Un_gl000243 is used in calls but not in baseline.
2018-02-03 11:21:37 Reference sequence Un_gl000244 is used in calls but not in baseline.
2018-02-03 11:21:37 Reference sequence Un_gl000245 is used in calls but not in baseline.
2018-02-03 11:21:37 Reference sequence Un_gl000246 is used in calls but not in baseline.
2018-02-03 11:21:37 Reference sequence Un_gl000247 is used in calls but not in baseline.
2018-02-03 11:21:37 Reference sequence Un_gl000248 is used in calls but not in baseline.
2018-02-03 11:21:37 Reference sequence Un_gl000249 is used in calls but not in baseline.
2018-02-03 11:21:37 Skipping reference sequence hs37d5 that is used by neither baseline or calls.
2018-02-03 11:21:42 Reference 1 baseline contains 287152 variants.
2018-02-03 11:21:42 Reference 1 calls contains 412772 variants.
2018-02-03 11:21:50 Reference 2 baseline contains 309134 variants.
2018-02-03 11:21:50 Reference 2 calls contains 409146 variants.
2018-02-03 11:21:53 Reference 1 had maximum path complexity of 604 at 1:68750677-68750805
2018-02-03 11:22:02 Reference 3 baseline contains 267163 variants.
2018-02-03 11:22:02 Reference 3 calls contains 345750 variants.
2018-02-03 11:22:08 Reference 2 had maximum path complexity of 1031 at 2:220670503-220670601
2018-02-03 11:22:14 Reference 4 baseline contains 274972 variants.
2018-02-03 11:22:14 Reference 4 calls contains 359395 variants.
2018-02-03 11:22:15 Reference 3 had maximum path complexity of 1935 at 3:37637754-37637774
2018-02-03 11:22:20 Reference 4 had maximum path complexity of 323 at 4:88565783-88566172
2018-02-03 11:22:25 Reference 5 baseline contains 235472 variants.
2018-02-03 11:22:25 Reference 5 calls contains 312573 variants.
2018-02-03 11:22:30 Reference 5 had maximum path complexity of 433 at 5:3439719-3439748
2018-02-03 11:22:39 Reference 6 baseline contains 222228 variants.
2018-02-03 11:22:39 Reference 6 calls contains 321762 variants.
2018-02-03 11:22:44 Reference 6 had maximum path complexity of 347 at 6:3406781-3408071
2018-02-03 11:22:49 Reference 7 baseline contains 199510 variants.
2018-02-03 11:22:49 Reference 7 calls contains 284606 variants.
2018-02-03 11:22:53 Reference 7 had maximum path complexity of 3913 at 7:158598749-158598982
2018-02-03 11:23:01 Reference 8 baseline contains 201515 variants.
2018-02-03 11:23:01 Reference 8 calls contains 263829 variants.
2018-02-03 11:23:05 Reference 8 had maximum path complexity of 1152 at 8:8898239-8898820
2018-02-03 11:23:10 Reference 9 baseline contains 153173 variants.
2018-02-03 11:23:10 Reference 9 calls contains 231400 variants.
2018-02-03 11:23:12 Reference 9 had maximum path complexity of 253 at 9:24105079-24105129
2018-02-03 11:23:18 Reference 10 baseline contains 179648 variants.
2018-02-03 11:23:18 Reference 10 calls contains 252246 variants.
2018-02-03 11:23:22 Reference 10 had maximum path complexity of 297 at 10:19517909-19517951
2018-02-03 11:23:27 Reference 11 baseline contains 183022 variants.
2018-02-03 11:23:27 Reference 11 calls contains 250362 variants.
2018-02-03 11:23:30 Reference 11 had maximum path complexity of 969 at 11:82552305-82552579
2018-02-03 11:23:35 Reference 12 baseline contains 173511 variants.
2018-02-03 11:23:35 Reference 12 calls contains 233732 variants.
2018-02-03 11:23:39 Reference 12 had maximum path complexity of 2245 at 12:128911932-128912188
2018-02-03 11:23:41 Reference 13 baseline contains 142558 variants.
2018-02-03 11:23:41 Reference 13 calls contains 185102 variants.
2018-02-03 11:23:44 Reference 13 had maximum path complexity of 709 at 13:20050463-20051227
2018-02-03 11:23:48 Reference 14 baseline contains 119787 variants.
2018-02-03 11:23:48 Reference 14 calls contains 163184 variants.
2018-02-03 11:23:50 Reference 14 had maximum path complexity of 251 at 14:83537424-83537646
2018-02-03 11:23:55 Reference 15 baseline contains 105763 variants.
2018-02-03 11:23:55 Reference 15 calls contains 156127 variants.
2018-02-03 11:23:58 Reference 15 had maximum path complexity of 405 at 15:94705340-94706906
2018-02-03 11:24:02 Reference 16 baseline contains 106348 variants.
2018-02-03 11:24:02 Reference 16 calls contains 153821 variants.
2018-02-03 11:24:04 Reference 16 had maximum path complexity of 462 at 16:85467913-85468566
2018-02-03 11:24:07 Reference 17 baseline contains 91509 variants.
2018-02-03 11:24:07 Reference 17 calls contains 134507 variants.
2018-02-03 11:24:09 Reference 17 had maximum path complexity of 729 at 17:48146175-48146367
2018-02-03 11:24:13 Reference 18 baseline contains 105849 variants.
2018-02-03 11:24:13 Reference 18 calls contains 139013 variants.
2018-02-03 11:24:14 Reference 18 had maximum path complexity of 729 at 18:77145364-77145440
2018-02-03 11:24:16 Reference 19 baseline contains 68951 variants.
2018-02-03 11:24:16 Reference 19 calls contains 109513 variants.
2018-02-03 11:24:18 Reference 19 had maximum path complexity of 151 at 19:52019399-52019953
2018-02-03 11:24:21 Reference 20 baseline contains 78268 variants.
2018-02-03 11:24:21 Reference 20 calls contains 105297 variants.
2018-02-03 11:24:22 Reference 20 had maximum path complexity of 245 at 20:37346831-37347075
2018-02-03 11:24:24 Reference 21 baseline contains 51909 variants.
2018-02-03 11:24:24 Reference 21 calls contains 84735 variants.
2018-02-03 11:24:25 Reference 21 had maximum path complexity of 433 at 21:21071582-21072684
2018-02-03 11:24:28 Reference 22 baseline contains 40033 variants.
2018-02-03 11:24:28 Reference 22 calls contains 67368 variants.
2018-02-03 11:24:29 Reference 22 had maximum path complexity of 133 at 22:17862121-17862126
2018-02-03 11:24:32 Reference X baseline contains 0 variants.
2018-02-03 11:24:32 Reference X calls contains 166148 variants.
2018-02-03 11:24:33 Reference Y baseline contains 0 variants.
2018-02-03 11:24:33 Reference Y calls contains 4119 variants.
2018-02-03 11:24:35 Reference M baseline contains 0 variants.
2018-02-03 11:24:35 Reference M calls contains 43 variants.
2018-02-03 11:24:36 Reference 1_gl000191_random baseline contains 0 variants.
2018-02-03 11:24:36 Reference 1_gl000191_random calls contains 139 variants.
2018-02-03 11:24:38 Reference 1_gl000192_random baseline contains 0 variants.
2018-02-03 11:24:38 Reference 1_gl000192_random calls contains 1079 variants.
2018-02-03 11:24:38 Reference 4_gl000193_random baseline contains 0 variants.
2018-02-03 11:24:38 Reference 4_gl000193_random calls contains 1572 variants.
2018-02-03 11:24:38 Reference 4_gl000194_random baseline contains 0 variants.
2018-02-03 11:24:38 Reference 4_gl000194_random calls contains 1249 variants.
2018-02-03 11:24:38 Reference 7_gl000195_random baseline contains 0 variants.
2018-02-03 11:24:38 Reference 7_gl000195_random calls contains 3348 variants.
2018-02-03 11:24:38 Reference 8_gl000196_random baseline contains 0 variants.
2018-02-03 11:24:38 Reference 8_gl000196_random calls contains 1 variants.
2018-02-03 11:24:39 Reference 8_gl000197_random baseline contains 0 variants.
2018-02-03 11:24:39 Reference 8_gl000197_random calls contains 2 variants.
2018-02-03 11:24:39 Reference 9_gl000198_random baseline contains 0 variants.
2018-02-03 11:24:39 Reference 9_gl000198_random calls contains 399 variants.
2018-02-03 11:24:39 Reference 9_gl000199_random baseline contains 0 variants.
2018-02-03 11:24:39 Reference 9_gl000199_random calls contains 1562 variants.
2018-02-03 11:24:40 Reference 11_gl000202_random baseline contains 0 variants.
2018-02-03 11:24:40 Reference 11_gl000202_random calls contains 53 variants.
2018-02-03 11:24:41 Reference 17_gl000203_random baseline contains 0 variants.
2018-02-03 11:24:41 Reference 17_gl000203_random calls contains 69 variants.
2018-02-03 11:24:41 Reference 17_gl000204_random baseline contains 0 variants.
2018-02-03 11:24:41 Reference 17_gl000204_random calls contains 81 variants.
2018-02-03 11:24:41 Reference 17_gl000205_random baseline contains 0 variants.
2018-02-03 11:24:41 Reference 17_gl000205_random calls contains 2839 variants.
2018-02-03 11:24:41 Reference 17_gl000206_random baseline contains 0 variants.
2018-02-03 11:24:41 Reference 17_gl000206_random calls contains 9 variants.
2018-02-03 11:24:42 Reference 18_gl000207_random baseline contains 0 variants.
2018-02-03 11:24:42 Reference 18_gl000207_random calls contains 11 variants.
2018-02-03 11:24:42 Reference 19_gl000208_random baseline contains 0 variants.
2018-02-03 11:24:42 Reference 19_gl000208_random calls contains 1346 variants.
2018-02-03 11:24:42 Reference 19_gl000209_random baseline contains 0 variants.
2018-02-03 11:24:42 Reference 19_gl000209_random calls contains 165 variants.
2018-02-03 11:24:42 Reference 21_gl000210_random baseline contains 0 variants.
2018-02-03 11:24:42 Reference 21_gl000210_random calls contains 14 variants.
2018-02-03 11:24:43 Reference Un_gl000211 baseline contains 0 variants.
2018-02-03 11:24:43 Reference Un_gl000211 calls contains 243 variants.
2018-02-03 11:24:43 Reference Un_gl000212 baseline contains 0 variants.
2018-02-03 11:24:43 Reference Un_gl000212 calls contains 1172 variants.
2018-02-03 11:24:43 Reference Un_gl000213 baseline contains 0 variants.
2018-02-03 11:24:43 Reference Un_gl000213 calls contains 138 variants.
2018-02-03 11:24:43 Reference Un_gl000214 baseline contains 0 variants.
2018-02-03 11:24:43 Reference Un_gl000214 calls contains 2094 variants.
2018-02-03 11:24:44 Reference Un_gl000215 baseline contains 0 variants.
2018-02-03 11:24:44 Reference Un_gl000215 calls contains 79 variants.
2018-02-03 11:24:44 Reference Un_gl000216 baseline contains 0 variants.
2018-02-03 11:24:44 Reference Un_gl000216 calls contains 992 variants.
2018-02-03 11:24:44 Reference Un_gl000217 baseline contains 0 variants.
2018-02-03 11:24:44 Reference Un_gl000217 calls contains 2004 variants.
2018-02-03 11:24:44 Reference Un_gl000218 baseline contains 0 variants.
2018-02-03 11:24:44 Reference Un_gl000218 calls contains 943 variants.
2018-02-03 11:24:45 Reference Un_gl000219 baseline contains 0 variants.
2018-02-03 11:24:45 Reference Un_gl000219 calls contains 1864 variants.
2018-02-03 11:24:45 Reference Un_gl000220 baseline contains 0 variants.
2018-02-03 11:24:45 Reference Un_gl000220 calls contains 1728 variants.
2018-02-03 11:24:45 Reference Un_gl000221 baseline contains 0 variants.
2018-02-03 11:24:45 Reference Un_gl000221 calls contains 1165 variants.
2018-02-03 11:24:45 Reference Un_gl000222 baseline contains 0 variants.
2018-02-03 11:24:45 Reference Un_gl000222 calls contains 754 variants.
2018-02-03 11:24:46 Reference Un_gl000223 baseline contains 0 variants.
2018-02-03 11:24:46 Reference Un_gl000223 calls contains 36 variants.
2018-02-03 11:24:46 Reference Un_gl000224 baseline contains 0 variants.
2018-02-03 11:24:46 Reference Un_gl000224 calls contains 1254 variants.
2018-02-03 11:24:46 Reference Un_gl000225 baseline contains 0 variants.
2018-02-03 11:24:46 Reference Un_gl000225 calls contains 2951 variants.
2018-02-03 11:24:46 Reference Un_gl000226 baseline contains 0 variants.
2018-02-03 11:24:46 Reference Un_gl000226 calls contains 200 variants.
2018-02-03 11:24:46 Reference Un_gl000227 baseline contains 0 variants.
2018-02-03 11:24:46 Reference Un_gl000227 calls contains 115 variants.
2018-02-03 11:24:46 Reference Un_gl000228 baseline contains 0 variants.
2018-02-03 11:24:46 Reference Un_gl000228 calls contains 277 variants.
2018-02-03 11:24:47 Reference Un_gl000229 baseline contains 0 variants.
2018-02-03 11:24:47 Reference Un_gl000229 calls contains 129 variants.
2018-02-03 11:24:47 Reference Un_gl000230 baseline contains 0 variants.
2018-02-03 11:24:47 Reference Un_gl000230 calls contains 57 variants.
2018-02-03 11:24:47 Reference Un_gl000231 baseline contains 0 variants.
2018-02-03 11:24:47 Reference Un_gl000231 calls contains 197 variants.
2018-02-03 11:24:47 Reference Un_gl000232 baseline contains 0 variants.
2018-02-03 11:24:47 Reference Un_gl000232 calls contains 234 variants.
2018-02-03 11:24:47 Reference Un_gl000233 baseline contains 0 variants.
2018-02-03 11:24:47 Reference Un_gl000233 calls contains 313 variants.
2018-02-03 11:24:47 Reference Un_gl000234 baseline contains 0 variants.
2018-02-03 11:24:47 Reference Un_gl000234 calls contains 314 variants.
2018-02-03 11:24:47 Reference Un_gl000235 baseline contains 0 variants.
2018-02-03 11:24:47 Reference Un_gl000235 calls contains 587 variants.
2018-02-03 11:24:47 Reference Un_gl000236 baseline contains 0 variants.
2018-02-03 11:24:47 Reference Un_gl000236 calls contains 68 variants.
2018-02-03 11:24:48 Reference Un_gl000237 baseline contains 0 variants.
2018-02-03 11:24:48 Reference Un_gl000237 calls contains 1080 variants.
2018-02-03 11:24:48 Reference Un_gl000238 baseline contains 0 variants.
2018-02-03 11:24:48 Reference Un_gl000238 calls contains 15 variants.
2018-02-03 11:24:48 Reference Un_gl000239 baseline contains 0 variants.
2018-02-03 11:24:48 Reference Un_gl000239 calls contains 637 variants.
2018-02-03 11:24:48 Reference Un_gl000240 baseline contains 0 variants.
2018-02-03 11:24:48 Reference Un_gl000240 calls contains 434 variants.
2018-02-03 11:24:48 Reference Un_gl000241 baseline contains 0 variants.
2018-02-03 11:24:48 Reference Un_gl000241 calls contains 499 variants.
2018-02-03 11:24:48 Reference Un_gl000242 baseline contains 0 variants.
2018-02-03 11:24:48 Reference Un_gl000242 calls contains 37 variants.
2018-02-03 11:24:49 Reference Un_gl000243 baseline contains 0 variants.
2018-02-03 11:24:49 Reference Un_gl000243 calls contains 226 variants.
2018-02-03 11:24:49 Reference Un_gl000244 baseline contains 0 variants.
2018-02-03 11:24:49 Reference Un_gl000244 calls contains 63 variants.
2018-02-03 11:24:49 Reference Un_gl000245 baseline contains 0 variants.
2018-02-03 11:24:49 Reference Un_gl000245 calls contains 99 variants.
2018-02-03 11:24:49 Reference Un_gl000246 baseline contains 0 variants.
2018-02-03 11:24:49 Reference Un_gl000246 calls contains 14 variants.
2018-02-03 11:24:49 Reference Un_gl000247 baseline contains 0 variants.
2018-02-03 11:24:49 Reference Un_gl000247 calls contains 139 variants.
2018-02-03 11:24:49 Reference Un_gl000248 baseline contains 0 variants.
2018-02-03 11:24:49 Reference Un_gl000248 calls contains 14 variants.
2018-02-03 11:24:49 Reference Un_gl000249 baseline contains 0 variants.
2018-02-03 11:24:49 Reference Un_gl000249 calls contains 5 variants.
2018-02-03 11:24:50 Fraction of calls outside evaluation regions: 0.3202 (1240354/3873319)
2018-02-03 11:24:50 Threshold  True-pos-baseline  True-pos-call  False-pos  False-neg  Precision  Sensitivity  F-measure
----------------------------------------------------------------------------------------------------
    1.000            3394171        3394389     478930     112730     0.8764       0.9679     0.9198
     None            3394171        3394389     478930     112730     0.8764       0.9679     0.9198

2018-02-03 11:24:51 Finished successfully in 194 s.
