2018-02-27 10:45:19 serial = 27182818284
2018-02-27 10:45:19 email = anon
2018-02-27 10:45:19 RTG version = RTG Tools 3.8.4 / Core bdba5ea (2017-09-19)
2018-02-27 10:45:19 awt.toolkit = sun.lwawt.macosx.LWCToolkit
2018-02-27 10:45:19 file.encoding = UTF-8
2018-02-27 10:45:19 file.encoding.pkg = sun.io
2018-02-27 10:45:19 file.separator = /
2018-02-27 10:45:19 gopherProxySet = false
2018-02-27 10:45:19 host.name = Ariyas-MacBook-Pro-2.local
2018-02-27 10:45:19 java.awt.graphicsenv = sun.awt.CGraphicsEnvironment
2018-02-27 10:45:19 java.awt.printerjob = sun.lwawt.macosx.CPrinterJob
2018-02-27 10:45:19 java.class.path = /Users/arshajii/Documents/research/map10x/utils/rtg-tools/dist/rtg-tools-3.8.4-bdba5ea/RTG.jar
2018-02-27 10:45:19 java.class.version = 53.0
2018-02-27 10:45:19 java.home = /Library/Java/JavaVirtualMachines/jdk-9.0.4.jdk/Contents/Home
2018-02-27 10:45:19 java.io.tmpdir = /var/folders/l0/8qx8wvwj3y99fmk0rffwcjdw0000gn/T/
2018-02-27 10:45:19 java.library.path = /Users/arshajii/Documents/research/map10x/utils/rtg-tools/dist/rtg-tools-3.8.4-bdba5ea
2018-02-27 10:45:19 java.runtime.name = Java(TM) SE Runtime Environment
2018-02-27 10:45:19 java.runtime.version = 9.0.4+11
2018-02-27 10:45:19 java.specification.name = Java Platform API Specification
2018-02-27 10:45:19 java.specification.vendor = Oracle Corporation
2018-02-27 10:45:19 java.specification.version = 9
2018-02-27 10:45:19 java.vendor = Oracle Corporation
2018-02-27 10:45:19 java.vendor.url = http://java.oracle.com/
2018-02-27 10:45:19 java.vendor.url.bug = http://bugreport.java.com/bugreport/
2018-02-27 10:45:19 java.version = 9.0.4
2018-02-27 10:45:19 java.vm.compressedOopsMode = Zero based
2018-02-27 10:45:19 java.vm.info = mixed mode
2018-02-27 10:45:19 java.vm.name = Java HotSpot(TM) 64-Bit Server VM
2018-02-27 10:45:19 java.vm.specification.name = Java Virtual Machine Specification
2018-02-27 10:45:19 java.vm.specification.vendor = Oracle Corporation
2018-02-27 10:45:19 java.vm.specification.version = 9
2018-02-27 10:45:19 java.vm.vendor = Oracle Corporation
2018-02-27 10:45:19 java.vm.version = 9.0.4+11
2018-02-27 10:45:19 jdk.debug = release
2018-02-27 10:45:19 lang.version = 9.0.4
2018-02-27 10:45:19 line.separator = 

2018-02-27 10:45:19 models.dir = /Users/arshajii/Documents/research/map10x/utils/rtg-tools/dist/rtg-tools-3.8.4-bdba5ea/models
2018-02-27 10:45:19 os.arch = x86_64
2018-02-27 10:45:19 os.freememory = 3217567744
2018-02-27 10:45:19 os.name = Mac OS X
2018-02-27 10:45:19 os.totalmemory = 17179869184
2018-02-27 10:45:19 os.version = 10.13.3
2018-02-27 10:45:19 path.separator = :
2018-02-27 10:45:19 processor.arch = x86_64
2018-02-27 10:45:19 processor.count = 4
2018-02-27 10:45:19 references.dir = /Users/arshajii/Documents/research/map10x/utils/rtg-tools/dist/rtg-tools-3.8.4-bdba5ea/references
2018-02-27 10:45:19 runtime.freememory = 257355688
2018-02-27 10:45:19 runtime.maxmemory = 15462301696
2018-02-27 10:45:19 runtime.totalMemory = 268435456
2018-02-27 10:45:19 sun.arch.data.model = 64
2018-02-27 10:45:19 sun.boot.library.path = /Library/Java/JavaVirtualMachines/jdk-9.0.4.jdk/Contents/Home/lib
2018-02-27 10:45:19 sun.cpu.endian = little
2018-02-27 10:45:19 sun.cpu.isalist = 
2018-02-27 10:45:19 sun.io.unicode.encoding = UnicodeBig
2018-02-27 10:45:19 sun.java.command = /Users/arshajii/Documents/research/map10x/utils/rtg-tools/dist/rtg-tools-3.8.4-bdba5ea/RTG.jar vcfeval --baseline=HG001_GRCh37_GIAB_highconf_CG-IllFB-IllGATKHC-Ion-10X-SOLID_CHROM1-X_v.3.3.2_highconf_PGandRTGphasetransfer.vcf.gz --evaluation-regions=HG001_GRCh37_GIAB_highconf_CG-IllFB-IllGATKHC-Ion-10X-SOLID_CHROM1-X_v.3.3.2_highconf_nosomaticdel.bed --calls=lr_out.v2.reformat.vcf.gz --output=lr_out_v2 --template=../hg19_new.sdf
2018-02-27 10:45:19 sun.java.launcher = SUN_STANDARD
2018-02-27 10:45:19 sun.jnu.encoding = UTF-8
2018-02-27 10:45:19 sun.management.compiler = HotSpot 64-Bit Tiered Compilers
2018-02-27 10:45:19 sun.os.patch.level = unknown
2018-02-27 10:45:19 talkback = true
2018-02-27 10:45:19 user.country = US
2018-02-27 10:45:19 user.dir = /Users/arshajii/Documents/research/map10x/utils/data/na12878
2018-02-27 10:45:19 user.home = /Users/arshajii
2018-02-27 10:45:19 user.language = en
2018-02-27 10:45:19 user.name = arshajii
2018-02-27 10:45:19 user.timezone = America/New_York
2018-02-27 10:45:19 vendor = Oracle Corporation
2018-02-27 10:45:19 gzipfix.enabled = true
2018-02-27 10:45:19 Command line arguments: rtg vcfeval --baseline=HG001_GRCh37_GIAB_highconf_CG-IllFB-IllGATKHC-Ion-10X-SOLID_CHROM1-X_v.3.3.2_highconf_PGandRTGphasetransfer.vcf.gz --evaluation-regions=HG001_GRCh37_GIAB_highconf_CG-IllFB-IllGATKHC-Ion-10X-SOLID_CHROM1-X_v.3.3.2_highconf_nosomaticdel.bed --calls=lr_out.v2.reformat.vcf.gz --output=lr_out_v2 --template=../hg19_new.sdf
2018-02-27 10:45:19 Run Id: 792deb0a-2c58-4513-adcd-a68d5422fb9d
2018-02-27 10:45:20 Referenced SDF-ID: 13a48056-2d9c-4ca6-8c6b-974fe0ce4500 Type: DNA Sequences: 85 Max-Length: 249250621 Min-Length: 4262 Arm: UNKNOWN
2018-02-27 10:45:20 Reference sequence Y is used in calls but not in baseline.
2018-02-27 10:45:20 Reference sequence M is used in calls but not in baseline.
2018-02-27 10:45:20 Reference sequence 1_gl000191_random is used in calls but not in baseline.
2018-02-27 10:45:20 Reference sequence 1_gl000192_random is used in calls but not in baseline.
2018-02-27 10:45:20 Reference sequence 4_gl000193_random is used in calls but not in baseline.
2018-02-27 10:45:20 Reference sequence 4_gl000194_random is used in calls but not in baseline.
2018-02-27 10:45:20 Reference sequence 7_gl000195_random is used in calls but not in baseline.
2018-02-27 10:45:20 Reference sequence 8_gl000196_random is used in calls but not in baseline.
2018-02-27 10:45:20 Reference sequence 8_gl000197_random is used in calls but not in baseline.
2018-02-27 10:45:20 Reference sequence 9_gl000198_random is used in calls but not in baseline.
2018-02-27 10:45:20 Reference sequence 9_gl000199_random is used in calls but not in baseline.
2018-02-27 10:45:20 Reference sequence 9_gl000200_random is used in calls but not in baseline.
2018-02-27 10:45:20 Reference sequence 9_gl000201_random is used in calls but not in baseline.
2018-02-27 10:45:20 Reference sequence 11_gl000202_random is used in calls but not in baseline.
2018-02-27 10:45:20 Reference sequence 17_gl000203_random is used in calls but not in baseline.
2018-02-27 10:45:20 Reference sequence 17_gl000204_random is used in calls but not in baseline.
2018-02-27 10:45:20 Reference sequence 17_gl000205_random is used in calls but not in baseline.
2018-02-27 10:45:20 Reference sequence 17_gl000206_random is used in calls but not in baseline.
2018-02-27 10:45:20 Reference sequence 18_gl000207_random is used in calls but not in baseline.
2018-02-27 10:45:20 Reference sequence 19_gl000208_random is used in calls but not in baseline.
2018-02-27 10:45:20 Reference sequence 19_gl000209_random is used in calls but not in baseline.
2018-02-27 10:45:20 Reference sequence 21_gl000210_random is used in calls but not in baseline.
2018-02-27 10:45:20 Reference sequence Un_gl000211 is used in calls but not in baseline.
2018-02-27 10:45:20 Reference sequence Un_gl000212 is used in calls but not in baseline.
2018-02-27 10:45:20 Reference sequence Un_gl000213 is used in calls but not in baseline.
2018-02-27 10:45:20 Reference sequence Un_gl000214 is used in calls but not in baseline.
2018-02-27 10:45:20 Reference sequence Un_gl000215 is used in calls but not in baseline.
2018-02-27 10:45:20 Reference sequence Un_gl000216 is used in calls but not in baseline.
2018-02-27 10:45:20 Reference sequence Un_gl000217 is used in calls but not in baseline.
2018-02-27 10:45:20 Reference sequence Un_gl000218 is used in calls but not in baseline.
2018-02-27 10:45:20 Reference sequence Un_gl000219 is used in calls but not in baseline.
2018-02-27 10:45:20 Reference sequence Un_gl000220 is used in calls but not in baseline.
2018-02-27 10:45:20 Reference sequence Un_gl000221 is used in calls but not in baseline.
2018-02-27 10:45:20 Reference sequence Un_gl000222 is used in calls but not in baseline.
2018-02-27 10:45:20 Reference sequence Un_gl000223 is used in calls but not in baseline.
2018-02-27 10:45:20 Reference sequence Un_gl000224 is used in calls but not in baseline.
2018-02-27 10:45:20 Reference sequence Un_gl000225 is used in calls but not in baseline.
2018-02-27 10:45:20 Reference sequence Un_gl000226 is used in calls but not in baseline.
2018-02-27 10:45:20 Reference sequence Un_gl000227 is used in calls but not in baseline.
2018-02-27 10:45:20 Reference sequence Un_gl000228 is used in calls but not in baseline.
2018-02-27 10:45:20 Reference sequence Un_gl000229 is used in calls but not in baseline.
2018-02-27 10:45:20 Reference sequence Un_gl000230 is used in calls but not in baseline.
2018-02-27 10:45:20 Reference sequence Un_gl000231 is used in calls but not in baseline.
2018-02-27 10:45:20 Reference sequence Un_gl000232 is used in calls but not in baseline.
2018-02-27 10:45:20 Reference sequence Un_gl000233 is used in calls but not in baseline.
2018-02-27 10:45:20 Reference sequence Un_gl000234 is used in calls but not in baseline.
2018-02-27 10:45:20 Reference sequence Un_gl000235 is used in calls but not in baseline.
2018-02-27 10:45:20 Reference sequence Un_gl000236 is used in calls but not in baseline.
2018-02-27 10:45:20 Reference sequence Un_gl000237 is used in calls but not in baseline.
2018-02-27 10:45:20 Reference sequence Un_gl000238 is used in calls but not in baseline.
2018-02-27 10:45:20 Reference sequence Un_gl000239 is used in calls but not in baseline.
2018-02-27 10:45:20 Reference sequence Un_gl000240 is used in calls but not in baseline.
2018-02-27 10:45:20 Reference sequence Un_gl000241 is used in calls but not in baseline.
2018-02-27 10:45:20 Reference sequence Un_gl000242 is used in calls but not in baseline.
2018-02-27 10:45:20 Reference sequence Un_gl000243 is used in calls but not in baseline.
2018-02-27 10:45:20 Reference sequence Un_gl000244 is used in calls but not in baseline.
2018-02-27 10:45:20 Reference sequence Un_gl000245 is used in calls but not in baseline.
2018-02-27 10:45:20 Reference sequence Un_gl000246 is used in calls but not in baseline.
2018-02-27 10:45:20 Reference sequence Un_gl000247 is used in calls but not in baseline.
2018-02-27 10:45:20 Reference sequence Un_gl000248 is used in calls but not in baseline.
2018-02-27 10:45:20 Reference sequence Un_gl000249 is used in calls but not in baseline.
2018-02-27 10:45:20 Skipping reference sequence hs37d5 that is used by neither baseline or calls.
2018-02-27 10:45:26 Reference 1 baseline contains 291615 variants.
2018-02-27 10:45:26 Reference 1 calls contains 427238 variants.
2018-02-27 10:45:32 Reference 2 baseline contains 311631 variants.
2018-02-27 10:45:32 Reference 2 calls contains 419933 variants.
2018-02-27 10:45:34 Reference 1 had maximum path complexity of 4667 at 1:103633781-103634063
2018-02-27 10:45:40 Reference 3 baseline contains 261199 variants.
2018-02-27 10:45:40 Reference 3 calls contains 338480 variants.
2018-02-27 10:45:45 Reference 2 had maximum path complexity of 3420 at 2:105849275-105849330
2018-02-27 10:45:49 Reference 4 baseline contains 278204 variants.
2018-02-27 10:45:49 Reference 4 calls contains 364125 variants.
2018-02-27 10:45:49 Reference 3 had maximum path complexity of 1245 at 3:121273814-121274413
2018-02-27 10:45:53 Reference 4 had maximum path complexity of 323 at 4:88565783-88566172
2018-02-27 10:45:59 Reference 5 baseline contains 237642 variants.
2018-02-27 10:45:59 Reference 5 calls contains 316156 variants.
2018-02-27 10:46:02 Reference 5 had maximum path complexity of 697 at 5:91752206-91752483
2018-02-27 10:46:10 Reference 6 baseline contains 229273 variants.
2018-02-27 10:46:10 Reference 6 calls contains 323389 variants.
2018-02-27 10:46:14 Reference 6 had maximum path complexity of 251 at 6:70484879-70485671
2018-02-27 10:46:19 Reference 7 baseline contains 201461 variants.
2018-02-27 10:46:19 Reference 7 calls contains 289425 variants.
2018-02-27 10:46:23 Reference 7 had maximum path complexity of 1534 at 7:67120973-67121263
2018-02-27 10:46:29 Reference 8 baseline contains 204376 variants.
2018-02-27 10:46:29 Reference 8 calls contains 268459 variants.
2018-02-27 10:46:32 Reference 8 had maximum path complexity of 750 at 8:9187916-9188118
2018-02-27 10:46:37 Reference 9 baseline contains 157739 variants.
2018-02-27 10:46:37 Reference 9 calls contains 264430 variants.
2018-02-27 10:46:40 Reference 9 had maximum path complexity of 9883 at 9:22290331-22290416
2018-02-27 10:46:46 Reference 10 baseline contains 184045 variants.
2018-02-27 10:46:46 Reference 10 calls contains 254155 variants.
2018-02-27 10:46:49 Reference 10 had maximum path complexity of 4227 at 10:89963024-89963164
2018-02-27 10:46:53 Reference 11 baseline contains 186001 variants.
2018-02-27 10:46:53 Reference 11 calls contains 251108 variants.
2018-02-27 10:46:56 Reference 11 had maximum path complexity of 1008 at 11:5205533-5206293
2018-02-27 10:47:01 Reference 12 baseline contains 178859 variants.
2018-02-27 10:47:01 Reference 12 calls contains 237987 variants.
2018-02-27 10:47:03 Reference 12 had maximum path complexity of 2127 at 12:19701453-19701786
2018-02-27 10:47:06 Reference 13 baseline contains 146671 variants.
2018-02-27 10:47:06 Reference 13 calls contains 189357 variants.
2018-02-27 10:47:09 Reference 13 had maximum path complexity of 2005 at 13:86652269-86652909
2018-02-27 10:47:13 Reference 14 baseline contains 119967 variants.
2018-02-27 10:47:13 Reference 14 calls contains 166784 variants.
2018-02-27 10:47:15 Reference 14 had maximum path complexity of 1741 at 14:52393868-52394744
2018-02-27 10:47:19 Reference 15 baseline contains 104751 variants.
2018-02-27 10:47:19 Reference 15 calls contains 157724 variants.
2018-02-27 10:47:21 Reference 15 had maximum path complexity of 333 at 15:40582128-40582597
2018-02-27 10:47:25 Reference 16 baseline contains 110211 variants.
2018-02-27 10:47:25 Reference 16 calls contains 163038 variants.
2018-02-27 10:47:27 Reference 16 had maximum path complexity of 2169 at 16:3952256-3952442
2018-02-27 10:47:30 Reference 17 baseline contains 93524 variants.
2018-02-27 10:47:30 Reference 17 calls contains 139683 variants.
2018-02-27 10:47:31 Reference 17 had maximum path complexity of 247 at 17:36609666-36609767
2018-02-27 10:47:34 Reference 18 baseline contains 111625 variants.
2018-02-27 10:47:34 Reference 18 calls contains 143834 variants.
2018-02-27 10:47:36 Reference 18 had maximum path complexity of 297 at 18:64742339-64742470
2018-02-27 10:47:38 Reference 19 baseline contains 73647 variants.
2018-02-27 10:47:38 Reference 19 calls contains 119055 variants.
2018-02-27 10:47:39 Reference 19 had maximum path complexity of 567 at 19:28486101-28486535
2018-02-27 10:47:41 Reference 20 baseline contains 78096 variants.
2018-02-27 10:47:41 Reference 20 calls contains 107478 variants.
2018-02-27 10:47:42 Reference 20 had maximum path complexity of 463 at 20:53436742-53436814
2018-02-27 10:47:45 Reference 21 baseline contains 53345 variants.
2018-02-27 10:47:45 Reference 21 calls contains 88245 variants.
2018-02-27 10:47:46 Reference 21 had maximum path complexity of 488 at 21:32314057-32314274
2018-02-27 10:47:48 Reference 22 baseline contains 44990 variants.
2018-02-27 10:47:48 Reference 22 calls contains 75546 variants.
2018-02-27 10:47:49 Reference 22 had maximum path complexity of 185 at 22:48751808-48752006
2018-02-27 10:47:52 Reference X baseline contains 116247 variants.
2018-02-27 10:47:52 Reference X calls contains 176019 variants.
2018-02-27 10:47:53 Reference Y baseline contains 0 variants.
2018-02-27 10:47:53 Reference Y calls contains 12020 variants.
2018-02-27 10:47:54 Reference X had maximum path complexity of 565 at X:86596539-86596775
2018-02-27 10:47:55 Reference M baseline contains 0 variants.
2018-02-27 10:47:55 Reference M calls contains 52 variants.
2018-02-27 10:47:57 Reference 1_gl000191_random baseline contains 0 variants.
2018-02-27 10:47:57 Reference 1_gl000191_random calls contains 236 variants.
2018-02-27 10:48:01 Reference 1_gl000192_random baseline contains 0 variants.
2018-02-27 10:48:01 Reference 1_gl000192_random calls contains 1445 variants.
2018-02-27 10:48:01 Reference 4_gl000193_random baseline contains 0 variants.
2018-02-27 10:48:01 Reference 4_gl000193_random calls contains 1332 variants.
2018-02-27 10:48:01 Reference 4_gl000194_random baseline contains 0 variants.
2018-02-27 10:48:01 Reference 4_gl000194_random calls contains 2003 variants.
2018-02-27 10:48:01 Reference 7_gl000195_random baseline contains 0 variants.
2018-02-27 10:48:01 Reference 7_gl000195_random calls contains 3670 variants.
2018-02-27 10:48:02 Reference 8_gl000196_random baseline contains 0 variants.
2018-02-27 10:48:02 Reference 8_gl000196_random calls contains 10 variants.
2018-02-27 10:48:02 Reference 8_gl000197_random baseline contains 0 variants.
2018-02-27 10:48:02 Reference 8_gl000197_random calls contains 6 variants.
2018-02-27 10:48:02 Reference 9_gl000198_random baseline contains 0 variants.
2018-02-27 10:48:02 Reference 9_gl000198_random calls contains 221 variants.
2018-02-27 10:48:02 Reference 9_gl000199_random baseline contains 0 variants.
2018-02-27 10:48:02 Reference 9_gl000199_random calls contains 844 variants.
2018-02-27 10:48:02 Reference 9_gl000200_random baseline contains 0 variants.
2018-02-27 10:48:02 Reference 9_gl000200_random calls contains 601 variants.
2018-02-27 10:48:03 Reference 9_gl000201_random baseline contains 0 variants.
2018-02-27 10:48:03 Reference 9_gl000201_random calls contains 6 variants.
2018-02-27 10:48:03 Reference 11_gl000202_random baseline contains 0 variants.
2018-02-27 10:48:03 Reference 11_gl000202_random calls contains 29 variants.
2018-02-27 10:48:03 Reference 17_gl000203_random baseline contains 0 variants.
2018-02-27 10:48:03 Reference 17_gl000203_random calls contains 103 variants.
2018-02-27 10:48:03 Reference 17_gl000204_random baseline contains 0 variants.
2018-02-27 10:48:03 Reference 17_gl000204_random calls contains 84 variants.
2018-02-27 10:48:03 Reference 17_gl000205_random baseline contains 0 variants.
2018-02-27 10:48:03 Reference 17_gl000205_random calls contains 3293 variants.
2018-02-27 10:48:04 Reference 17_gl000206_random baseline contains 0 variants.
2018-02-27 10:48:04 Reference 17_gl000206_random calls contains 68 variants.
2018-02-27 10:48:04 Reference 18_gl000207_random baseline contains 0 variants.
2018-02-27 10:48:04 Reference 18_gl000207_random calls contains 2 variants.
2018-02-27 10:48:04 Reference 19_gl000208_random baseline contains 0 variants.
2018-02-27 10:48:04 Reference 19_gl000208_random calls contains 1286 variants.
2018-02-27 10:48:04 Reference 19_gl000209_random baseline contains 0 variants.
2018-02-27 10:48:04 Reference 19_gl000209_random calls contains 388 variants.
2018-02-27 10:48:05 Reference 21_gl000210_random baseline contains 0 variants.
2018-02-27 10:48:05 Reference 21_gl000210_random calls contains 18 variants.
2018-02-27 10:48:05 Reference Un_gl000211 baseline contains 0 variants.
2018-02-27 10:48:05 Reference Un_gl000211 calls contains 401 variants.
2018-02-27 10:48:05 Reference Un_gl000212 baseline contains 0 variants.
2018-02-27 10:48:05 Reference Un_gl000212 calls contains 903 variants.
2018-02-27 10:48:05 Reference Un_gl000213 baseline contains 0 variants.
2018-02-27 10:48:05 Reference Un_gl000213 calls contains 203 variants.
2018-02-27 10:48:05 Reference Un_gl000214 baseline contains 0 variants.
2018-02-27 10:48:05 Reference Un_gl000214 calls contains 2478 variants.
2018-02-27 10:48:06 Reference Un_gl000215 baseline contains 0 variants.
2018-02-27 10:48:06 Reference Un_gl000215 calls contains 237 variants.
2018-02-27 10:48:06 Reference Un_gl000216 baseline contains 0 variants.
2018-02-27 10:48:06 Reference Un_gl000216 calls contains 2479 variants.
2018-02-27 10:48:06 Reference Un_gl000217 baseline contains 0 variants.
2018-02-27 10:48:06 Reference Un_gl000217 calls contains 2192 variants.
2018-02-27 10:48:06 Reference Un_gl000218 baseline contains 0 variants.
2018-02-27 10:48:06 Reference Un_gl000218 calls contains 1235 variants.
2018-02-27 10:48:07 Reference Un_gl000219 baseline contains 0 variants.
2018-02-27 10:48:07 Reference Un_gl000219 calls contains 1809 variants.
2018-02-27 10:48:07 Reference Un_gl000220 baseline contains 0 variants.
2018-02-27 10:48:07 Reference Un_gl000220 calls contains 1763 variants.
2018-02-27 10:48:07 Reference Un_gl000221 baseline contains 0 variants.
2018-02-27 10:48:07 Reference Un_gl000221 calls contains 1784 variants.
2018-02-27 10:48:07 Reference Un_gl000222 baseline contains 0 variants.
2018-02-27 10:48:07 Reference Un_gl000222 calls contains 1216 variants.
2018-02-27 10:48:07 Reference Un_gl000223 baseline contains 0 variants.
2018-02-27 10:48:07 Reference Un_gl000223 calls contains 411 variants.
2018-02-27 10:48:07 Reference Un_gl000224 baseline contains 0 variants.
2018-02-27 10:48:07 Reference Un_gl000224 calls contains 953 variants.
2018-02-27 10:48:07 Reference Un_gl000225 baseline contains 0 variants.
2018-02-27 10:48:07 Reference Un_gl000225 calls contains 5170 variants.
2018-02-27 10:48:07 Reference Un_gl000226 baseline contains 0 variants.
2018-02-27 10:48:07 Reference Un_gl000226 calls contains 120 variants.
2018-02-27 10:48:08 Reference Un_gl000227 baseline contains 0 variants.
2018-02-27 10:48:08 Reference Un_gl000227 calls contains 160 variants.
2018-02-27 10:48:08 Reference Un_gl000228 baseline contains 0 variants.
2018-02-27 10:48:08 Reference Un_gl000228 calls contains 325 variants.
2018-02-27 10:48:08 Reference Un_gl000229 baseline contains 0 variants.
2018-02-27 10:48:08 Reference Un_gl000229 calls contains 128 variants.
2018-02-27 10:48:08 Reference Un_gl000230 baseline contains 0 variants.
2018-02-27 10:48:08 Reference Un_gl000230 calls contains 457 variants.
2018-02-27 10:48:08 Reference Un_gl000231 baseline contains 0 variants.
2018-02-27 10:48:08 Reference Un_gl000231 calls contains 191 variants.
2018-02-27 10:48:08 Reference Un_gl000232 baseline contains 0 variants.
2018-02-27 10:48:08 Reference Un_gl000232 calls contains 209 variants.
2018-02-27 10:48:08 Reference Un_gl000233 baseline contains 0 variants.
2018-02-27 10:48:08 Reference Un_gl000233 calls contains 414 variants.
2018-02-27 10:48:08 Reference Un_gl000234 baseline contains 0 variants.
2018-02-27 10:48:08 Reference Un_gl000234 calls contains 271 variants.
2018-02-27 10:48:09 Reference Un_gl000235 baseline contains 0 variants.
2018-02-27 10:48:09 Reference Un_gl000235 calls contains 598 variants.
2018-02-27 10:48:09 Reference Un_gl000236 baseline contains 0 variants.
2018-02-27 10:48:09 Reference Un_gl000236 calls contains 108 variants.
2018-02-27 10:48:09 Reference Un_gl000237 baseline contains 0 variants.
2018-02-27 10:48:09 Reference Un_gl000237 calls contains 1165 variants.
2018-02-27 10:48:09 Reference Un_gl000238 baseline contains 0 variants.
2018-02-27 10:48:09 Reference Un_gl000238 calls contains 26 variants.
2018-02-27 10:48:09 Reference Un_gl000239 baseline contains 0 variants.
2018-02-27 10:48:09 Reference Un_gl000239 calls contains 671 variants.
2018-02-27 10:48:09 Reference Un_gl000240 baseline contains 0 variants.
2018-02-27 10:48:09 Reference Un_gl000240 calls contains 409 variants.
2018-02-27 10:48:09 Reference Un_gl000241 baseline contains 0 variants.
2018-02-27 10:48:09 Reference Un_gl000241 calls contains 378 variants.
2018-02-27 10:48:09 Reference Un_gl000242 baseline contains 0 variants.
2018-02-27 10:48:09 Reference Un_gl000242 calls contains 13 variants.
2018-02-27 10:48:09 Reference Un_gl000243 baseline contains 0 variants.
2018-02-27 10:48:09 Reference Un_gl000243 calls contains 411 variants.
2018-02-27 10:48:10 Reference Un_gl000244 baseline contains 0 variants.
2018-02-27 10:48:10 Reference Un_gl000244 calls contains 147 variants.
2018-02-27 10:48:10 Reference Un_gl000245 baseline contains 0 variants.
2018-02-27 10:48:10 Reference Un_gl000245 calls contains 224 variants.
2018-02-27 10:48:10 Reference Un_gl000246 baseline contains 0 variants.
2018-02-27 10:48:10 Reference Un_gl000246 calls contains 25 variants.
2018-02-27 10:48:10 Reference Un_gl000247 baseline contains 0 variants.
2018-02-27 10:48:10 Reference Un_gl000247 calls contains 335 variants.
2018-02-27 10:48:10 Reference Un_gl000248 baseline contains 0 variants.
2018-02-27 10:48:10 Reference Un_gl000248 calls contains 44 variants.
2018-02-27 10:48:10 Reference Un_gl000249 baseline contains 0 variants.
2018-02-27 10:48:10 Reference Un_gl000249 calls contains 19 variants.
2018-02-27 10:48:11 Fraction of calls outside evaluation regions: 0.2895 (1181732/4082232)
2018-02-27 10:48:11 Threshold  True-pos-baseline  True-pos-call  False-pos  False-neg  Precision  Sensitivity  F-measure
----------------------------------------------------------------------------------------------------
   99.000            3567989        3568088     229705     122872     0.9395       0.9667     0.9529
     None            3636020        3636121     446111      54841     0.8907       0.9851     0.9356

2018-02-27 10:48:11 Finished successfully in 171 s.
