2018-02-26 13:47:41 serial = 27182818284
2018-02-26 13:47:41 email = anon
2018-02-26 13:47:41 RTG version = RTG Tools 3.8.4 / Core bdba5ea (2017-09-19)
2018-02-26 13:47:41 awt.toolkit = sun.lwawt.macosx.LWCToolkit
2018-02-26 13:47:41 file.encoding = UTF-8
2018-02-26 13:47:41 file.encoding.pkg = sun.io
2018-02-26 13:47:41 file.separator = /
2018-02-26 13:47:41 gopherProxySet = false
2018-02-26 13:47:41 host.name = 30-10-206.wireless.csail.mit.edu
2018-02-26 13:47:41 java.awt.graphicsenv = sun.awt.CGraphicsEnvironment
2018-02-26 13:47:41 java.awt.printerjob = sun.lwawt.macosx.CPrinterJob
2018-02-26 13:47:41 java.class.path = /Users/arshajii/Documents/research/map10x/utils/rtg-tools/dist/rtg-tools-3.8.4-bdba5ea/RTG.jar
2018-02-26 13:47:41 java.class.version = 53.0
2018-02-26 13:47:41 java.home = /Library/Java/JavaVirtualMachines/jdk-9.0.4.jdk/Contents/Home
2018-02-26 13:47:41 java.io.tmpdir = /var/folders/l0/8qx8wvwj3y99fmk0rffwcjdw0000gn/T/
2018-02-26 13:47:41 java.library.path = /Users/arshajii/Documents/research/map10x/utils/rtg-tools/dist/rtg-tools-3.8.4-bdba5ea
2018-02-26 13:47:41 java.runtime.name = Java(TM) SE Runtime Environment
2018-02-26 13:47:41 java.runtime.version = 9.0.4+11
2018-02-26 13:47:41 java.specification.name = Java Platform API Specification
2018-02-26 13:47:41 java.specification.vendor = Oracle Corporation
2018-02-26 13:47:41 java.specification.version = 9
2018-02-26 13:47:41 java.vendor = Oracle Corporation
2018-02-26 13:47:41 java.vendor.url = http://java.oracle.com/
2018-02-26 13:47:41 java.vendor.url.bug = http://bugreport.java.com/bugreport/
2018-02-26 13:47:41 java.version = 9.0.4
2018-02-26 13:47:41 java.vm.compressedOopsMode = Zero based
2018-02-26 13:47:41 java.vm.info = mixed mode
2018-02-26 13:47:41 java.vm.name = Java HotSpot(TM) 64-Bit Server VM
2018-02-26 13:47:41 java.vm.specification.name = Java Virtual Machine Specification
2018-02-26 13:47:41 java.vm.specification.vendor = Oracle Corporation
2018-02-26 13:47:41 java.vm.specification.version = 9
2018-02-26 13:47:41 java.vm.vendor = Oracle Corporation
2018-02-26 13:47:41 java.vm.version = 9.0.4+11
2018-02-26 13:47:41 jdk.debug = release
2018-02-26 13:47:41 lang.version = 9.0.4
2018-02-26 13:47:41 line.separator = 

2018-02-26 13:47:41 models.dir = /Users/arshajii/Documents/research/map10x/utils/rtg-tools/dist/rtg-tools-3.8.4-bdba5ea/models
2018-02-26 13:47:41 os.arch = x86_64
2018-02-26 13:47:41 os.freememory = 2043367424
2018-02-26 13:47:41 os.name = Mac OS X
2018-02-26 13:47:41 os.totalmemory = 17179869184
2018-02-26 13:47:41 os.version = 10.13.3
2018-02-26 13:47:41 path.separator = :
2018-02-26 13:47:41 processor.arch = x86_64
2018-02-26 13:47:41 processor.count = 4
2018-02-26 13:47:41 references.dir = /Users/arshajii/Documents/research/map10x/utils/rtg-tools/dist/rtg-tools-3.8.4-bdba5ea/references
2018-02-26 13:47:41 runtime.freememory = 257359368
2018-02-26 13:47:41 runtime.maxmemory = 15462301696
2018-02-26 13:47:41 runtime.totalMemory = 268435456
2018-02-26 13:47:41 sun.arch.data.model = 64
2018-02-26 13:47:41 sun.boot.library.path = /Library/Java/JavaVirtualMachines/jdk-9.0.4.jdk/Contents/Home/lib
2018-02-26 13:47:41 sun.cpu.endian = little
2018-02-26 13:47:41 sun.cpu.isalist = 
2018-02-26 13:47:41 sun.io.unicode.encoding = UnicodeBig
2018-02-26 13:47:41 sun.java.command = /Users/arshajii/Documents/research/map10x/utils/rtg-tools/dist/rtg-tools-3.8.4-bdba5ea/RTG.jar vcfeval --baseline=HG001_GRCh37_GIAB_highconf_CG-IllFB-IllGATKHC-Ion-10X-SOLID_CHROM1-X_v.3.3.2_highconf_PGandRTGphasetransfer.vcf.gz --evaluation-regions=HG001_GRCh37_GIAB_highconf_CG-IllFB-IllGATKHC-Ion-10X-SOLID_CHROM1-X_v.3.3.2_highconf_nosomaticdel.bed --calls=ema_out.v2.reformat.vcf.gz --output=ema_out_v2 --template=../hg19_new.sdf
2018-02-26 13:47:41 sun.java.launcher = SUN_STANDARD
2018-02-26 13:47:41 sun.jnu.encoding = UTF-8
2018-02-26 13:47:41 sun.management.compiler = HotSpot 64-Bit Tiered Compilers
2018-02-26 13:47:41 sun.os.patch.level = unknown
2018-02-26 13:47:41 talkback = true
2018-02-26 13:47:41 user.country = US
2018-02-26 13:47:41 user.dir = /Users/arshajii/Documents/research/map10x/utils/data/na12878
2018-02-26 13:47:41 user.home = /Users/arshajii
2018-02-26 13:47:41 user.language = en
2018-02-26 13:47:41 user.name = arshajii
2018-02-26 13:47:41 user.timezone = America/New_York
2018-02-26 13:47:41 vendor = Oracle Corporation
2018-02-26 13:47:41 gzipfix.enabled = true
2018-02-26 13:47:41 Command line arguments: rtg vcfeval --baseline=HG001_GRCh37_GIAB_highconf_CG-IllFB-IllGATKHC-Ion-10X-SOLID_CHROM1-X_v.3.3.2_highconf_PGandRTGphasetransfer.vcf.gz --evaluation-regions=HG001_GRCh37_GIAB_highconf_CG-IllFB-IllGATKHC-Ion-10X-SOLID_CHROM1-X_v.3.3.2_highconf_nosomaticdel.bed --calls=ema_out.v2.reformat.vcf.gz --output=ema_out_v2 --template=../hg19_new.sdf
2018-02-26 13:47:41 Run Id: 67ec3d3b-d7d4-4ae5-93f8-bf02c2daf9f9
2018-02-26 13:47:41 Referenced SDF-ID: 13a48056-2d9c-4ca6-8c6b-974fe0ce4500 Type: DNA Sequences: 85 Max-Length: 249250621 Min-Length: 4262 Arm: UNKNOWN
2018-02-26 13:47:42 Reference sequence Y is used in calls but not in baseline.
2018-02-26 13:47:42 Reference sequence M is used in calls but not in baseline.
2018-02-26 13:47:42 Reference sequence 1_gl000191_random is used in calls but not in baseline.
2018-02-26 13:47:42 Reference sequence 1_gl000192_random is used in calls but not in baseline.
2018-02-26 13:47:42 Reference sequence 4_gl000193_random is used in calls but not in baseline.
2018-02-26 13:47:42 Reference sequence 4_gl000194_random is used in calls but not in baseline.
2018-02-26 13:47:42 Reference sequence 7_gl000195_random is used in calls but not in baseline.
2018-02-26 13:47:42 Reference sequence 8_gl000196_random is used in calls but not in baseline.
2018-02-26 13:47:42 Reference sequence 8_gl000197_random is used in calls but not in baseline.
2018-02-26 13:47:42 Reference sequence 9_gl000198_random is used in calls but not in baseline.
2018-02-26 13:47:42 Reference sequence 9_gl000199_random is used in calls but not in baseline.
2018-02-26 13:47:42 Reference sequence 9_gl000200_random is used in calls but not in baseline.
2018-02-26 13:47:42 Reference sequence 9_gl000201_random is used in calls but not in baseline.
2018-02-26 13:47:42 Reference sequence 11_gl000202_random is used in calls but not in baseline.
2018-02-26 13:47:42 Reference sequence 17_gl000203_random is used in calls but not in baseline.
2018-02-26 13:47:42 Reference sequence 17_gl000204_random is used in calls but not in baseline.
2018-02-26 13:47:42 Reference sequence 17_gl000205_random is used in calls but not in baseline.
2018-02-26 13:47:42 Reference sequence 17_gl000206_random is used in calls but not in baseline.
2018-02-26 13:47:42 Reference sequence 18_gl000207_random is used in calls but not in baseline.
2018-02-26 13:47:42 Reference sequence 19_gl000208_random is used in calls but not in baseline.
2018-02-26 13:47:42 Reference sequence 19_gl000209_random is used in calls but not in baseline.
2018-02-26 13:47:42 Reference sequence 21_gl000210_random is used in calls but not in baseline.
2018-02-26 13:47:42 Reference sequence Un_gl000211 is used in calls but not in baseline.
2018-02-26 13:47:42 Reference sequence Un_gl000212 is used in calls but not in baseline.
2018-02-26 13:47:42 Reference sequence Un_gl000213 is used in calls but not in baseline.
2018-02-26 13:47:42 Reference sequence Un_gl000214 is used in calls but not in baseline.
2018-02-26 13:47:42 Reference sequence Un_gl000215 is used in calls but not in baseline.
2018-02-26 13:47:42 Reference sequence Un_gl000216 is used in calls but not in baseline.
2018-02-26 13:47:42 Reference sequence Un_gl000217 is used in calls but not in baseline.
2018-02-26 13:47:42 Reference sequence Un_gl000218 is used in calls but not in baseline.
2018-02-26 13:47:42 Reference sequence Un_gl000219 is used in calls but not in baseline.
2018-02-26 13:47:42 Reference sequence Un_gl000220 is used in calls but not in baseline.
2018-02-26 13:47:42 Reference sequence Un_gl000221 is used in calls but not in baseline.
2018-02-26 13:47:42 Reference sequence Un_gl000222 is used in calls but not in baseline.
2018-02-26 13:47:42 Reference sequence Un_gl000223 is used in calls but not in baseline.
2018-02-26 13:47:42 Reference sequence Un_gl000224 is used in calls but not in baseline.
2018-02-26 13:47:42 Reference sequence Un_gl000225 is used in calls but not in baseline.
2018-02-26 13:47:42 Reference sequence Un_gl000226 is used in calls but not in baseline.
2018-02-26 13:47:42 Reference sequence Un_gl000227 is used in calls but not in baseline.
2018-02-26 13:47:42 Reference sequence Un_gl000228 is used in calls but not in baseline.
2018-02-26 13:47:42 Reference sequence Un_gl000229 is used in calls but not in baseline.
2018-02-26 13:47:42 Reference sequence Un_gl000230 is used in calls but not in baseline.
2018-02-26 13:47:42 Reference sequence Un_gl000231 is used in calls but not in baseline.
2018-02-26 13:47:42 Reference sequence Un_gl000232 is used in calls but not in baseline.
2018-02-26 13:47:42 Reference sequence Un_gl000233 is used in calls but not in baseline.
2018-02-26 13:47:42 Reference sequence Un_gl000234 is used in calls but not in baseline.
2018-02-26 13:47:42 Reference sequence Un_gl000235 is used in calls but not in baseline.
2018-02-26 13:47:42 Reference sequence Un_gl000236 is used in calls but not in baseline.
2018-02-26 13:47:42 Reference sequence Un_gl000237 is used in calls but not in baseline.
2018-02-26 13:47:42 Reference sequence Un_gl000238 is used in calls but not in baseline.
2018-02-26 13:47:42 Reference sequence Un_gl000239 is used in calls but not in baseline.
2018-02-26 13:47:42 Reference sequence Un_gl000240 is used in calls but not in baseline.
2018-02-26 13:47:42 Reference sequence Un_gl000241 is used in calls but not in baseline.
2018-02-26 13:47:42 Reference sequence Un_gl000242 is used in calls but not in baseline.
2018-02-26 13:47:42 Reference sequence Un_gl000243 is used in calls but not in baseline.
2018-02-26 13:47:42 Reference sequence Un_gl000244 is used in calls but not in baseline.
2018-02-26 13:47:42 Reference sequence Un_gl000245 is used in calls but not in baseline.
2018-02-26 13:47:42 Reference sequence Un_gl000246 is used in calls but not in baseline.
2018-02-26 13:47:42 Reference sequence Un_gl000247 is used in calls but not in baseline.
2018-02-26 13:47:42 Reference sequence Un_gl000248 is used in calls but not in baseline.
2018-02-26 13:47:42 Reference sequence Un_gl000249 is used in calls but not in baseline.
2018-02-26 13:47:42 Skipping reference sequence hs37d5 that is used by neither baseline or calls.
2018-02-26 13:47:48 Reference 1 baseline contains 291615 variants.
2018-02-26 13:47:48 Reference 1 calls contains 408769 variants.
2018-02-26 13:47:56 Reference 2 baseline contains 311631 variants.
2018-02-26 13:47:56 Reference 2 calls contains 404310 variants.
2018-02-26 13:48:00 Reference 1 had maximum path complexity of 537 at 1:238722471-238722958
2018-02-26 13:48:05 Reference 3 baseline contains 261199 variants.
2018-02-26 13:48:05 Reference 3 calls contains 327954 variants.
2018-02-26 13:48:15 Reference 4 baseline contains 278204 variants.
2018-02-26 13:48:15 Reference 4 calls contains 353709 variants.
2018-02-26 13:48:16 Reference 3 had maximum path complexity of 641 at 3:131511496-131511673
2018-02-26 13:48:16 Reference 2 had maximum path complexity of 3420 at 2:105849275-105849330
2018-02-26 13:48:22 Reference 4 had maximum path complexity of 2345 at 4:161508037-161508113
2018-02-26 13:48:27 Reference 5 baseline contains 237642 variants.
2018-02-26 13:48:27 Reference 5 calls contains 303683 variants.
2018-02-26 13:48:31 Reference 5 had maximum path complexity of 697 at 5:91752206-91752483
2018-02-26 13:48:38 Reference 6 baseline contains 229273 variants.
2018-02-26 13:48:38 Reference 6 calls contains 313924 variants.
2018-02-26 13:48:42 Reference 6 had maximum path complexity of 251 at 6:70484879-70485671
2018-02-26 13:48:48 Reference 7 baseline contains 201461 variants.
2018-02-26 13:48:48 Reference 7 calls contains 278356 variants.
2018-02-26 13:48:52 Reference 7 had maximum path complexity of 323 at 7:109687941-109693663
2018-02-26 13:48:58 Reference 8 baseline contains 204376 variants.
2018-02-26 13:48:58 Reference 8 calls contains 258042 variants.
2018-02-26 13:49:02 Reference 8 had maximum path complexity of 750 at 8:9187916-9188118
2018-02-26 13:49:08 Reference 9 baseline contains 157739 variants.
2018-02-26 13:49:08 Reference 9 calls contains 246000 variants.
2018-02-26 13:49:11 Reference 9 had maximum path complexity of 1019 at 9:103731326-103731410
2018-02-26 13:49:17 Reference 10 baseline contains 184045 variants.
2018-02-26 13:49:17 Reference 10 calls contains 244651 variants.
2018-02-26 13:49:20 Reference 10 had maximum path complexity of 249 at 10:31012340-31013035
2018-02-26 13:49:25 Reference 11 baseline contains 186001 variants.
2018-02-26 13:49:25 Reference 11 calls contains 242497 variants.
2018-02-26 13:49:28 Reference 11 had maximum path complexity of 1008 at 11:5205533-5206293
2018-02-26 13:49:32 Reference 12 baseline contains 178859 variants.
2018-02-26 13:49:32 Reference 12 calls contains 230510 variants.
2018-02-26 13:49:36 Reference 12 had maximum path complexity of 2127 at 12:19701453-19701786
2018-02-26 13:49:38 Reference 13 baseline contains 146671 variants.
2018-02-26 13:49:38 Reference 13 calls contains 183587 variants.
2018-02-26 13:49:40 Reference 13 had maximum path complexity of 323 at 13:87845389-87846285
2018-02-26 13:49:44 Reference 14 baseline contains 119967 variants.
2018-02-26 13:49:44 Reference 14 calls contains 159811 variants.
2018-02-26 13:49:45 Reference 14 had maximum path complexity of 188 at 14:39978638-39979021
2018-02-26 13:49:50 Reference 15 baseline contains 104751 variants.
2018-02-26 13:49:50 Reference 15 calls contains 150266 variants.
2018-02-26 13:49:51 Reference 15 had maximum path complexity of 661 at 15:40582128-40582597
2018-02-26 13:49:55 Reference 16 baseline contains 110211 variants.
2018-02-26 13:49:55 Reference 16 calls contains 157098 variants.
2018-02-26 13:49:57 Reference 16 had maximum path complexity of 729 at 16:58877684-58878031
2018-02-26 13:50:00 Reference 17 baseline contains 93524 variants.
2018-02-26 13:50:00 Reference 17 calls contains 134171 variants.
2018-02-26 13:50:01 Reference 17 had maximum path complexity of 247 at 17:36609666-36609767
2018-02-26 13:50:04 Reference 18 baseline contains 111625 variants.
2018-02-26 13:50:04 Reference 18 calls contains 139510 variants.
2018-02-26 13:50:05 Reference 18 had maximum path complexity of 297 at 18:64742339-64742470
2018-02-26 13:50:07 Reference 19 baseline contains 73647 variants.
2018-02-26 13:50:07 Reference 19 calls contains 114504 variants.
2018-02-26 13:50:08 Reference 19 had maximum path complexity of 567 at 19:28486101-28486535
2018-02-26 13:50:11 Reference 20 baseline contains 78096 variants.
2018-02-26 13:50:11 Reference 20 calls contains 103481 variants.
2018-02-26 13:50:12 Reference 20 had maximum path complexity of 463 at 20:53436742-53436814
2018-02-26 13:50:14 Reference 21 baseline contains 53345 variants.
2018-02-26 13:50:14 Reference 21 calls contains 85602 variants.
2018-02-26 13:50:15 Reference 21 had maximum path complexity of 159 at 21:22823113-22823278
2018-02-26 13:50:18 Reference 22 baseline contains 44990 variants.
2018-02-26 13:50:18 Reference 22 calls contains 72125 variants.
2018-02-26 13:50:19 Reference 22 had maximum path complexity of 185 at 22:48751808-48752006
2018-02-26 13:50:22 Reference X baseline contains 116247 variants.
2018-02-26 13:50:22 Reference X calls contains 161198 variants.
2018-02-26 13:50:23 Reference Y baseline contains 0 variants.
2018-02-26 13:50:23 Reference Y calls contains 6823 variants.
2018-02-26 13:50:25 Reference X had maximum path complexity of 565 at X:86596539-86596775
2018-02-26 13:50:26 Reference M baseline contains 0 variants.
2018-02-26 13:50:26 Reference M calls contains 41 variants.
2018-02-26 13:50:27 Reference 1_gl000191_random baseline contains 0 variants.
2018-02-26 13:50:27 Reference 1_gl000191_random calls contains 208 variants.
2018-02-26 13:50:30 Reference 1_gl000192_random baseline contains 0 variants.
2018-02-26 13:50:30 Reference 1_gl000192_random calls contains 1300 variants.
2018-02-26 13:50:30 Reference 4_gl000193_random baseline contains 0 variants.
2018-02-26 13:50:30 Reference 4_gl000193_random calls contains 1574 variants.
2018-02-26 13:50:31 Reference 4_gl000194_random baseline contains 0 variants.
2018-02-26 13:50:31 Reference 4_gl000194_random calls contains 2389 variants.
2018-02-26 13:50:31 Reference 7_gl000195_random baseline contains 0 variants.
2018-02-26 13:50:31 Reference 7_gl000195_random calls contains 3746 variants.
2018-02-26 13:50:31 Reference 8_gl000196_random baseline contains 0 variants.
2018-02-26 13:50:31 Reference 8_gl000196_random calls contains 5 variants.
2018-02-26 13:50:31 Reference 8_gl000197_random baseline contains 0 variants.
2018-02-26 13:50:31 Reference 8_gl000197_random calls contains 5 variants.
2018-02-26 13:50:32 Reference 9_gl000198_random baseline contains 0 variants.
2018-02-26 13:50:32 Reference 9_gl000198_random calls contains 386 variants.
2018-02-26 13:50:32 Reference 9_gl000199_random baseline contains 0 variants.
2018-02-26 13:50:32 Reference 9_gl000199_random calls contains 1117 variants.
2018-02-26 13:50:33 Reference 9_gl000200_random baseline contains 0 variants.
2018-02-26 13:50:33 Reference 9_gl000200_random calls contains 16 variants.
2018-02-26 13:50:33 Reference 9_gl000201_random baseline contains 0 variants.
2018-02-26 13:50:33 Reference 9_gl000201_random calls contains 13 variants.
2018-02-26 13:50:33 Reference 11_gl000202_random baseline contains 0 variants.
2018-02-26 13:50:33 Reference 11_gl000202_random calls contains 29 variants.
2018-02-26 13:50:33 Reference 17_gl000203_random baseline contains 0 variants.
2018-02-26 13:50:33 Reference 17_gl000203_random calls contains 99 variants.
2018-02-26 13:50:34 Reference 17_gl000204_random baseline contains 0 variants.
2018-02-26 13:50:34 Reference 17_gl000204_random calls contains 94 variants.
2018-02-26 13:50:34 Reference 17_gl000205_random baseline contains 0 variants.
2018-02-26 13:50:34 Reference 17_gl000205_random calls contains 3406 variants.
2018-02-26 13:50:34 Reference 17_gl000206_random baseline contains 0 variants.
2018-02-26 13:50:34 Reference 17_gl000206_random calls contains 56 variants.
2018-02-26 13:50:34 Reference 18_gl000207_random baseline contains 0 variants.
2018-02-26 13:50:34 Reference 18_gl000207_random calls contains 2 variants.
2018-02-26 13:50:34 Reference 19_gl000208_random baseline contains 0 variants.
2018-02-26 13:50:34 Reference 19_gl000208_random calls contains 1393 variants.
2018-02-26 13:50:35 Reference 19_gl000209_random baseline contains 0 variants.
2018-02-26 13:50:35 Reference 19_gl000209_random calls contains 399 variants.
2018-02-26 13:50:35 Reference 21_gl000210_random baseline contains 0 variants.
2018-02-26 13:50:35 Reference 21_gl000210_random calls contains 10 variants.
2018-02-26 13:50:35 Reference Un_gl000211 baseline contains 0 variants.
2018-02-26 13:50:35 Reference Un_gl000211 calls contains 562 variants.
2018-02-26 13:50:35 Reference Un_gl000212 baseline contains 0 variants.
2018-02-26 13:50:35 Reference Un_gl000212 calls contains 1135 variants.
2018-02-26 13:50:36 Reference Un_gl000213 baseline contains 0 variants.
2018-02-26 13:50:36 Reference Un_gl000213 calls contains 165 variants.
2018-02-26 13:50:36 Reference Un_gl000214 baseline contains 0 variants.
2018-02-26 13:50:36 Reference Un_gl000214 calls contains 2634 variants.
2018-02-26 13:50:36 Reference Un_gl000215 baseline contains 0 variants.
2018-02-26 13:50:36 Reference Un_gl000215 calls contains 125 variants.
2018-02-26 13:50:36 Reference Un_gl000216 baseline contains 0 variants.
2018-02-26 13:50:36 Reference Un_gl000216 calls contains 3049 variants.
2018-02-26 13:50:36 Reference Un_gl000217 baseline contains 0 variants.
2018-02-26 13:50:36 Reference Un_gl000217 calls contains 2176 variants.
2018-02-26 13:50:37 Reference Un_gl000218 baseline contains 0 variants.
2018-02-26 13:50:37 Reference Un_gl000218 calls contains 1368 variants.
2018-02-26 13:50:37 Reference Un_gl000219 baseline contains 0 variants.
2018-02-26 13:50:37 Reference Un_gl000219 calls contains 1977 variants.
2018-02-26 13:50:37 Reference Un_gl000220 baseline contains 0 variants.
2018-02-26 13:50:37 Reference Un_gl000220 calls contains 1763 variants.
2018-02-26 13:50:37 Reference Un_gl000221 baseline contains 0 variants.
2018-02-26 13:50:37 Reference Un_gl000221 calls contains 1674 variants.
2018-02-26 13:50:38 Reference Un_gl000222 baseline contains 0 variants.
2018-02-26 13:50:38 Reference Un_gl000222 calls contains 1203 variants.
2018-02-26 13:50:38 Reference Un_gl000223 baseline contains 0 variants.
2018-02-26 13:50:38 Reference Un_gl000223 calls contains 136 variants.
2018-02-26 13:50:38 Reference Un_gl000224 baseline contains 0 variants.
2018-02-26 13:50:38 Reference Un_gl000224 calls contains 1004 variants.
2018-02-26 13:50:38 Reference Un_gl000225 baseline contains 0 variants.
2018-02-26 13:50:38 Reference Un_gl000225 calls contains 5740 variants.
2018-02-26 13:50:38 Reference Un_gl000226 baseline contains 0 variants.
2018-02-26 13:50:38 Reference Un_gl000226 calls contains 196 variants.
2018-02-26 13:50:39 Reference Un_gl000227 baseline contains 0 variants.
2018-02-26 13:50:39 Reference Un_gl000227 calls contains 114 variants.
2018-02-26 13:50:39 Reference Un_gl000228 baseline contains 0 variants.
2018-02-26 13:50:39 Reference Un_gl000228 calls contains 392 variants.
2018-02-26 13:50:39 Reference Un_gl000229 baseline contains 0 variants.
2018-02-26 13:50:39 Reference Un_gl000229 calls contains 125 variants.
2018-02-26 13:50:39 Reference Un_gl000230 baseline contains 0 variants.
2018-02-26 13:50:39 Reference Un_gl000230 calls contains 393 variants.
2018-02-26 13:50:39 Reference Un_gl000231 baseline contains 0 variants.
2018-02-26 13:50:39 Reference Un_gl000231 calls contains 241 variants.
2018-02-26 13:50:40 Reference Un_gl000232 baseline contains 0 variants.
2018-02-26 13:50:40 Reference Un_gl000232 calls contains 290 variants.
2018-02-26 13:50:40 Reference Un_gl000233 baseline contains 0 variants.
2018-02-26 13:50:40 Reference Un_gl000233 calls contains 422 variants.
2018-02-26 13:50:40 Reference Un_gl000234 baseline contains 0 variants.
2018-02-26 13:50:40 Reference Un_gl000234 calls contains 368 variants.
2018-02-26 13:50:40 Reference Un_gl000235 baseline contains 0 variants.
2018-02-26 13:50:40 Reference Un_gl000235 calls contains 611 variants.
2018-02-26 13:50:40 Reference Un_gl000236 baseline contains 0 variants.
2018-02-26 13:50:40 Reference Un_gl000236 calls contains 99 variants.
2018-02-26 13:50:40 Reference Un_gl000237 baseline contains 0 variants.
2018-02-26 13:50:40 Reference Un_gl000237 calls contains 1205 variants.
2018-02-26 13:50:41 Reference Un_gl000238 baseline contains 0 variants.
2018-02-26 13:50:41 Reference Un_gl000238 calls contains 26 variants.
2018-02-26 13:50:41 Reference Un_gl000239 baseline contains 0 variants.
2018-02-26 13:50:41 Reference Un_gl000239 calls contains 758 variants.
2018-02-26 13:50:41 Reference Un_gl000240 baseline contains 0 variants.
2018-02-26 13:50:41 Reference Un_gl000240 calls contains 531 variants.
2018-02-26 13:50:41 Reference Un_gl000241 baseline contains 0 variants.
2018-02-26 13:50:41 Reference Un_gl000241 calls contains 523 variants.
2018-02-26 13:50:41 Reference Un_gl000242 baseline contains 0 variants.
2018-02-26 13:50:41 Reference Un_gl000242 calls contains 8 variants.
2018-02-26 13:50:41 Reference Un_gl000243 baseline contains 0 variants.
2018-02-26 13:50:41 Reference Un_gl000243 calls contains 449 variants.
2018-02-26 13:50:41 Reference Un_gl000244 baseline contains 0 variants.
2018-02-26 13:50:41 Reference Un_gl000244 calls contains 134 variants.
2018-02-26 13:50:41 Reference Un_gl000245 baseline contains 0 variants.
2018-02-26 13:50:41 Reference Un_gl000245 calls contains 180 variants.
2018-02-26 13:50:42 Reference Un_gl000246 baseline contains 0 variants.
2018-02-26 13:50:42 Reference Un_gl000246 calls contains 28 variants.
2018-02-26 13:50:42 Reference Un_gl000247 baseline contains 0 variants.
2018-02-26 13:50:42 Reference Un_gl000247 calls contains 245 variants.
2018-02-26 13:50:42 Reference Un_gl000248 baseline contains 0 variants.
2018-02-26 13:50:42 Reference Un_gl000248 calls contains 34 variants.
2018-02-26 13:50:42 Reference Un_gl000249 baseline contains 0 variants.
2018-02-26 13:50:42 Reference Un_gl000249 calls contains 14 variants.
2018-02-26 13:50:43 Fraction of calls outside evaluation regions: 0.2884 (1131123/3921986)
2018-02-26 13:50:43 Threshold  True-pos-baseline  True-pos-call  False-pos  False-neg  Precision  Sensitivity  F-measure
----------------------------------------------------------------------------------------------------
   96.000            3574493        3574598     137482     116368     0.9630       0.9685     0.9657
     None            3639349        3639452     282534      51512     0.9280       0.9860     0.9561

2018-02-26 13:50:43 Finished successfully in 182 s.
